2016-03-31 14:58:44,739 - os.name - Mac OS X
2016-03-31 14:58:44,740 - os.arch - x86_64
2016-03-31 14:58:44,740 - os.version - 10.10.2
2016-03-31 14:58:44,740 - java.version - 1.8.0_77
2016-03-31 14:58:44,740 - java.vendor - Oracle Corporation
2016-03-31 14:58:44,740 - java.vendor.url - http://java.oracle.com/
2016-03-31 14:58:44,740 - java.home - /Library/Java/JavaVirtualMachines/jdk1.8.0_77.jdk/Contents/Home/jre
2016-03-31 14:58:44,740 - java.vm.specification.name - Java Virtual Machine Specification
2016-03-31 14:58:44,740 - java.vm.specification.vendor - Oracle Corporation
2016-03-31 14:58:44,740 - java.vm.specification.version - 1.8
2016-03-31 14:58:44,740 - java.class.path - /Applications/Development/EclipseAndroid.app/Contents/MacOS//../Eclipse/plugins/org.eclipse.equinox.launcher_1.3.100.v20150511-1540.jar
2016-03-31 14:58:44,740 - java.library.path - /Users/ari/Library/Java/Extensions:/Library/Java/Extensions:/Network/Library/Java/Extensions:/System/Library/Java/Extensions:/usr/lib/java:.
2016-03-31 14:58:44,740 - --------------------------------------
2016-03-31 14:58:44,740 - ## Eclipse Plug-ins Log Information ##
2016-03-31 14:58:44,740 - --------------------------------------
2016-03-31 14:58:44,852 - javax.el - 2.2.0.v201303151357
2016-03-31 14:58:44,856 - javax.servlet - 3.1.0.v201410161800
2016-03-31 14:58:44,858 - javax.servlet.jsp - 2.2.0.v201112011158
2016-03-31 14:58:44,860 - com.sun.el - 2.2.0.v201303151357
2016-03-31 14:58:44,860 - org.apache.commons.logging - 1.1.1.v201101211721
2016-03-31 14:58:44,865 - org.apache.jasper.glassfish - 2.2.2.v201501141630
2016-03-31 14:58:44,869 - org.apache.lucene.analysis - 3.5.0.v20120725-1805
2016-03-31 14:58:44,870 - org.apache.lucene.core - 3.5.0.v20120725-1805
2016-03-31 14:58:44,874 - org.eclipse.equinox.http.jetty - 3.1.2.v20160115-1350
2016-03-31 14:58:44,876 - org.eclipse.equinox.http.registry - 1.1.300.v20130402-1529
2016-03-31 14:58:44,880 - org.eclipse.equinox.http.servlet - 1.2.2.v20160202-2102
2016-03-31 14:58:44,882 - org.eclipse.equinox.jsp.jasper - 1.0.500.v20150119-1358
2016-03-31 14:58:44,883 - org.eclipse.equinox.jsp.jasper.registry - 1.0.300.v20130327-1442
2016-03-31 14:58:44,901 - org.eclipse.help.base - 4.0.301.v20160212-1500
2016-03-31 14:58:44,943 - org.eclipse.help.ui - 4.0.100.v20140401-0608
2016-03-31 14:58:44,970 - org.eclipse.help.webapp - 3.7.0.v20150425-0643
2016-03-31 14:58:44,976 - org.eclipse.jetty.continuation - 9.2.13.v20150730
2016-03-31 14:58:44,979 - org.eclipse.jetty.http - 9.2.13.v20150730
2016-03-31 14:58:44,986 - org.eclipse.jetty.io - 9.2.13.v20150730
2016-03-31 14:58:44,989 - org.eclipse.jetty.security - 9.2.13.v20150730
2016-03-31 14:58:44,991 - org.eclipse.jetty.server - 9.2.13.v20150730
2016-03-31 14:58:44,993 - org.eclipse.jetty.servlet - 9.2.13.v20150730
2016-03-31 14:58:44,995 - org.eclipse.jetty.util - 9.2.13.v20150730
2016-03-31 14:58:44,996 - org.eclipse.core.net - 1.2.300.v20141118-1725
2016-03-31 14:58:44,999 - org.eclipse.equinox.security - 1.2.100.v20150423-1356
2016-03-31 14:58:45,005 - org.eclipse.wb.os - 1.8.0.r45x201506110820
2016-03-31 14:58:45,007 - org.eclipse.wb.runtime - 1.8.0.r45x201506110820
2016-03-31 14:58:45,009 - org.eclipse.wb.runtime.lib - 1.8.0.r45x201506110820
2016-03-31 14:58:45,010 - org.eclipse.wb.core - 1.8.0.r45x201506110820
2016-03-31 14:58:45,042 - org.eclipse.wb.core.lib - 1.8.0.r45x201506110820
2016-03-31 14:58:45,043 - org.eclipse.wb.os.macosx - 1.8.0.r45x201506110820
2016-03-31 14:58:45,047 - org.eclipse.andmore.hierarchyviewer - 0.5.0.201603231340
2016-03-31 14:58:45,051 - org.eclipse.mylyn.bugzilla.core - 3.18.0.v20151009-2340
2016-03-31 14:58:45,052 - org.eclipse.mylyn.bugzilla.ui - 3.18.0.v20151009-2340
2016-03-31 14:58:45,058 - org.eclipse.sequoyah.device.backward - 2.1.0.N20120718-0509
2016-03-31 14:58:45,059 - org.eclipse.sequoyah.device.framework - 2.1.0.N20120718-0509
2016-03-31 14:58:45,061 - org.eclipse.sequoyah.device.framework.ui - 2.1.0.N20120718-0509
2016-03-31 14:58:45,062 - org.eclipse.sequoyah.device.service.start - 2.1.0.N20120718-0509
2016-03-31 14:58:45,064 - org.eclipse.sequoyah.device.service.stop - 2.1.0.N20120718-0509
2016-03-31 14:58:45,066 - org.eclipse.sequoyah.device.framework.wizard - 2.1.0.N20120718-0509
2016-03-31 14:58:45,072 - org.eclipse.buildship.core - 1.0.8.v20160201-1803
2016-03-31 14:58:45,073 - org.eclipse.buildship.ui - 1.0.8.v20160201-1803
2016-03-31 14:58:45,077 - org.eclipse.buildship.branding - 1.0.8.v20160201-1803
2016-03-31 14:58:45,117 - org.eclipse.egit.core - 4.1.1.201511131810-r
2016-03-31 14:58:45,171 - org.eclipse.egit.ui - 4.1.1.201511131810-r
2016-03-31 14:58:45,173 - org.eclipse.egit - 4.1.1.201511131810-r
2016-03-31 14:58:45,175 - org.eclipse.egit.doc - 4.1.1.201511131810-r
2016-03-31 14:58:45,181 - org.eclipse.mylyn.tasks.core - 3.18.0.v20151202-0115
2016-03-31 14:58:45,181 - org.eclipse.mylyn.tasks.index.core - 3.18.0.v20151012-1647
2016-03-31 14:58:45,182 - org.eclipse.mylyn.tasks.index.ui - 3.18.0.v20151009-2340
2016-03-31 14:58:45,183 - org.eclipse.mylyn.tasks.search - 3.18.0.v20151009-2340
2016-03-31 14:58:45,185 - org.eclipse.mylyn.tasks.ui - 3.18.0.v20151211-2235
2016-03-31 14:58:45,191 - org.eclipse.aether.maven - 3.1.0.v20140706-2237
2016-03-31 14:58:45,195 - org.eclipse.gef - 3.10.1.201508170204
2016-03-31 14:58:45,199 - org.eclipse.mylyn.commons.identity.core - 1.10.0.v20151009-1724
2016-03-31 14:58:45,203 - org.eclipse.oomph.p2 - 1.3.0.v20160213-0953
2016-03-31 14:58:45,204 - org.eclipse.oomph.p2.core - 1.3.0.v20160213-0953
2016-03-31 14:58:45,205 - org.eclipse.oomph.p2.edit - 1.3.0.v20160213-0953
2016-03-31 14:58:45,206 - org.eclipse.oomph.p2.ui - 1.3.0.v20160213-0953
2016-03-31 14:58:45,210 - org.eclipse.oomph.p2.doc - 1.3.0.v20160213-0953
2016-03-31 14:58:45,213 - org.eclipse.emf.codegen.ui - 2.6.0.v20160208-0841
2016-03-31 14:58:45,221 - org.eclipse.datatools.enablement.sqlite - 1.0.0.v201002041100
2016-03-31 14:58:45,222 - org.eclipse.datatools.enablement.sqlite.dbdefinition - 1.0.2.v201206010441
2016-03-31 14:58:45,225 - org.eclipse.datatools.enablement.sqlite.ui - 1.0.0.v201107221507
2016-03-31 14:58:45,226 - org.eclipse.datatools.enablement.finfo - 1.5.1.v200906161800
2016-03-31 14:58:45,231 - org.eclipse.mylyn.commons.notifications.core - 1.10.0.v20151009-1724
2016-03-31 14:58:45,231 - org.eclipse.mylyn.commons.notifications.feed - 1.10.0.v20151009-1724
2016-03-31 14:58:45,231 - org.eclipse.mylyn.commons.notifications.ui - 1.10.0.v20151102-1814
2016-03-31 14:58:45,235 - org.eclipse.emf.converter - 2.7.0.v20160208-0841
2016-03-31 14:58:45,237 - org.eclipse.emf.importer - 2.9.0.v20160208-0841
2016-03-31 14:58:45,238 - org.eclipse.emf.exporter - 2.7.0.v20160208-0841
2016-03-31 14:58:45,239 - org.eclipse.emf.importer.ecore - 2.8.0.v20160208-0841
2016-03-31 14:58:45,241 - org.eclipse.emf.importer.java - 2.7.0.v20160208-0841
2016-03-31 14:58:45,243 - org.eclipse.emf.importer.rose - 2.8.0.v20160208-0841
2016-03-31 14:58:45,251 - org.eclipse.emf.edit.ui - 2.11.1.v20160208-0841
2016-03-31 14:58:45,256 - org.eclipse.help - 3.6.0.v20130326-1254
2016-03-31 14:58:45,258 - org.eclipse.ui - 3.107.0.v20150507-1945
2016-03-31 14:58:45,258 - org.eclipse.ui.workbench - 3.107.1.v20160120-2131
2016-03-31 14:58:45,259 - org.eclipse.update.configurator - 3.3.300.v20140518-1928
2016-03-31 14:58:45,260 - org.eclipse.rcp - 4.5.2.v20160212-1500
2016-03-31 14:58:45,261 - org.eclipse.ui.cocoa - 1.1.100.v20150315-1253
2016-03-31 14:58:45,268 - org.eclipse.recommenders.rcp - 2.3.0.v20160216-1255
2016-03-31 14:58:45,269 - org.eclipse.recommenders.apidocs - 2.3.0.v20160216-1255
2016-03-31 14:58:45,270 - org.eclipse.recommenders.apidocs.rcp - 2.3.0.v20160216-1255
2016-03-31 14:58:45,271 - org.eclipse.recommenders.calls - 2.3.0.v20160216-1255
2016-03-31 14:58:45,277 - org.eclipse.recommenders.calls.rcp - 2.3.0.v20160216-1255
2016-03-31 14:58:45,281 - org.eclipse.recommenders.chain.rcp - 2.3.0.v20160216-1255
2016-03-31 14:58:45,314 - org.eclipse.recommenders.completion.rcp - 2.3.0.v20160216-1255
2016-03-31 14:58:45,316 - org.eclipse.recommenders.constructors - 2.3.0.v20160216-1255
2016-03-31 14:58:45,319 - org.eclipse.recommenders.constructors.rcp - 2.3.0.v20160216-1255
2016-03-31 14:58:45,321 - org.eclipse.recommenders.coordinates - 2.3.0.v20160216-1255
2016-03-31 14:58:45,322 - org.eclipse.recommenders.coordinates.rcp - 2.3.0.v20160216-1255
2016-03-31 14:58:45,325 - org.eclipse.recommenders.injection - 2.3.0.v20160216-1255
2016-03-31 14:58:45,327 - org.eclipse.recommenders.jayes - 2.3.0.v20160216-1255
2016-03-31 14:58:45,329 - org.eclipse.recommenders.jayes.io - 2.3.0.v20160216-1255
2016-03-31 14:58:45,331 - org.eclipse.recommenders.jdt - 2.3.0.v20160216-1255
2016-03-31 14:58:45,334 - org.eclipse.recommenders.models - 2.3.0.v20160216-1255
2016-03-31 14:58:45,336 - org.eclipse.recommenders.models.rcp - 2.3.0.v20160216-1255
2016-03-31 14:58:45,339 - org.eclipse.recommenders.net - 2.3.0.v20160216-1255
2016-03-31 14:58:45,341 - org.eclipse.recommenders.overrides - 2.3.0.v20160216-1255
2016-03-31 14:58:45,346 - org.eclipse.recommenders.overrides.rcp - 2.3.0.v20160216-1255
2016-03-31 14:58:45,349 - org.eclipse.recommenders.subwords.rcp - 2.3.0.v20160216-1255
2016-03-31 14:58:45,352 - org.eclipse.recommenders.types.rcp - 2.3.0.v20160216-1255
2016-03-31 14:58:45,356 - org.eclipse.recommenders.utils - 2.3.0.v20160216-1255
2016-03-31 14:58:45,359 - org.eclipse.recommenders.utils.rcp - 2.3.0.v20160216-1255
2016-03-31 14:58:45,373 - org.eclipse.mylyn.commons.repositories.http.core - 1.10.0.v20151009-1724
2016-03-31 14:58:45,380 - org.eclipse.datatools.connectivity.oda.design.ui - 3.2.9.v201403131814
2016-03-31 14:58:45,382 - org.eclipse.datatools.connectivity.ui.dse - 1.1.5.v201212070447
2016-03-31 14:58:45,385 - org.eclipse.datatools.connectivity.ui - 1.2.4.v201212070447
2016-03-31 14:58:45,389 - org.eclipse.datatools.connectivity.sqm.core - 1.2.8.v201401230755
2016-03-31 14:58:45,391 - org.eclipse.datatools.help - 1.5.0.v200906020553
2016-03-31 14:58:45,402 - org.eclipse.jdt - 3.11.2.v20160212-1500
2016-03-31 14:58:45,411 - org.eclipse.ant.ui - 3.6.101.v20160203-1242
2016-03-31 14:58:45,417 - org.eclipse.jdt.apt.core - 3.4.0.v20150518-1201
2016-03-31 14:58:45,419 - org.eclipse.jdt.apt.ui - 3.4.0.v20150423-0947
2016-03-31 14:58:45,421 - org.eclipse.jdt.apt.pluggable.core - 1.1.0.v20150423-0947
2016-03-31 14:58:45,422 - org.eclipse.jdt.compiler.apt - 1.2.0.v20150514-0146
2016-03-31 14:58:45,423 - org.eclipse.jdt.compiler.tool - 1.1.0.v20150513-2007
2016-03-31 14:58:45,425 - org.eclipse.jdt.core - 3.11.2.v20160128-0629
2016-03-31 14:58:45,428 - org.eclipse.jdt.annotation - 2.0.100.v20150311-1658
2016-03-31 14:58:45,428 - org.eclipse.jdt.annotation - 2.0.100.v20150311-1658
2016-03-31 14:58:45,429 - org.eclipse.jdt.core.manipulation - 1.5.100.v20141002-1241
2016-03-31 14:58:45,431 - org.eclipse.jdt.debug.ui - 3.7.101.v20160203-1236
2016-03-31 14:58:45,437 - org.eclipse.jdt.debug - 3.9.1.v20160128-1343
2016-03-31 14:58:45,440 - org.eclipse.jdt.junit - 3.8.0.v20150428-1340
2016-03-31 14:58:45,443 - org.eclipse.jdt.junit.core - 3.7.400.v20150423-0747
2016-03-31 14:58:45,449 - org.eclipse.jdt.junit.runtime - 3.4.500.v20140527-1138
2016-03-31 14:58:45,456 - org.eclipse.jdt.junit4.runtime - 1.1.500.v20150423-0747
2016-03-31 14:58:45,458 - org.eclipse.jdt.launching - 3.8.0.v20150527-0946
2016-03-31 14:58:45,479 - org.eclipse.jdt.ui - 3.11.2.v20151123-1510
2016-03-31 14:58:45,482 - org.junit - 4.12.0.v201504281640
2016-03-31 14:58:45,485 - org.hamcrest.core - 1.3.0.v201303031735
2016-03-31 14:58:45,489 - org.eclipse.jdt.doc.user - 3.11.1.v20150819-1130
2016-03-31 14:58:45,491 - org.eclipse.jdt.launching.macosx - 3.3.0.v20150313-0517
2016-03-31 14:58:45,493 - org.eclipse.jdt.launching.ui.macosx - 1.1.0.v20150313-0517
2016-03-31 14:58:45,495 - org.eclipse.ant.launching - 1.1.101.v20160203-1242
2016-03-31 14:58:45,499 - org.eclipse.emf.common - 2.11.1.v20160208-0816
2016-03-31 14:58:45,513 - org.eclipse.sequoyah.vnc.vncviewer.vncviews - 2.1.0.N20120718-0509
2016-03-31 14:58:45,522 - org.eclipse.egit.mylyn.ui - 4.1.1.201511131810-r
2016-03-31 14:58:45,528 - org.eclipse.datatools.sqltools.common.ui - 1.0.1.v201212120623
2016-03-31 14:58:45,530 - org.eclipse.datatools.sqltools.debugger.core - 1.0.1.v201107221520
2016-03-31 14:58:45,533 - org.eclipse.datatools.sqltools.editor.core - 1.0.3.v201212120623
2016-03-31 14:58:45,534 - org.eclipse.datatools.sqltools.plan - 1.0.0.v201107221520
2016-03-31 14:58:45,538 - org.eclipse.datatools.sqltools.routineeditor - 1.0.0.v201107221520
2016-03-31 14:58:45,539 - org.eclipse.datatools.sqltools.sql - 1.0.1.v201110050515
2016-03-31 14:58:45,544 - org.eclipse.datatools.sqltools.sqleditor - 1.0.4.v201212120623
2016-03-31 14:58:45,545 - org.eclipse.datatools.sqltools.sqlscrapbook - 1.0.2.v201205310922
2016-03-31 14:58:45,545 - org.eclipse.datatools.help - 1.5.0.v200906020553
2016-03-31 14:58:45,548 - org.eclipse.datatools.sqltools.db.generic - 1.0.0.v201107221520
2016-03-31 14:58:45,550 - org.eclipse.datatools.sqltools.debugger.core.ui - 1.0.0.v201003161000
2016-03-31 14:58:45,552 - org.eclipse.datatools.sqltools.editor.core.ui - 1.0.0.v201001150815
2016-03-31 14:58:45,553 - org.eclipse.datatools.sqltools.result.ui - 1.1.3.v201302061703
2016-03-31 14:58:45,555 - org.eclipse.datatools.sqltools.routineeditor.ui - 1.0.3.v201211200616
2016-03-31 14:58:45,558 - org.eclipse.datatools.sqltools.sql.ui - 1.0.1.v201201270735
2016-03-31 14:58:45,635 - com.android.ide.eclipse.base - 23.0.7.2120684
2016-03-31 14:58:45,635 - com.android.ide.eclipse.ddms - 23.0.7.2120684
2016-03-31 14:58:45,640 - org.objectweb.asm - 5.0.1.v201404251740
2016-03-31 14:58:45,640 - org.eclipse.andmore - 0.5.0.201603231340
2016-03-31 14:58:45,640 - org.eclipse.andmore.base - 0.5.0.201603231340
2016-03-31 14:58:45,642 - org.eclipse.andmore.ddms - 0.5.0.201603231340
2016-03-31 14:58:45,643 - org.eclipse.andmore.overlay - 0.5.0.201603231340
2016-03-31 14:58:45,647 - org.apache.commons.codec - 1.6.0.v201305230611
2016-03-31 14:58:45,650 - org.apache.commons.compress - 1.6.0.v201310281400
2016-03-31 14:58:45,651 - org.apache.httpcomponents.httpclient - 4.3.6.v201411290715
2016-03-31 14:58:45,652 - org.apache.httpcomponents.httpcore - 4.3.3.v201411290715
2016-03-31 14:58:45,655 - org.eclipse.emf.mapping - 2.9.0.v20160208-0841
2016-03-31 14:58:45,670 - org.eclipse.datatools.modelbase.dbdefinition - 1.0.2.v201107221519
2016-03-31 14:58:45,674 - org.eclipse.datatools.modelbase.sql.edit - 1.0.2.v201208230744
2016-03-31 14:58:45,676 - org.eclipse.datatools.modelbase.sql.query - 1.1.4.v201212120619
2016-03-31 14:58:45,679 - org.eclipse.datatools.modelbase.sql.query.edit - 1.0.1.v201110151245
2016-03-31 14:58:45,682 - org.eclipse.datatools.modelbase.sql.xml.query - 1.0.2.v201201131123
2016-03-31 14:58:45,682 - org.eclipse.datatools.modelbase.sql - 1.0.6.v201208230744
2016-03-31 14:58:45,696 - org.eclipse.oomph.setup.editor - 1.3.0.v20160213-0953
2016-03-31 14:58:45,698 - org.eclipse.oomph.setup.ui - 1.3.0.v20160213-0953
2016-03-31 14:58:45,705 - org.eclipse.oomph.setup.doc - 1.3.0.v20160213-0953
2016-03-31 14:58:45,707 - org.eclipse.oomph.setup.ui.questionnaire - 1.3.0.v20160213-0953
2016-03-31 14:58:45,708 - org.eclipse.oomph.jreinfo.ui - 1.3.0.v20160213-0953
2016-03-31 14:58:45,710 - org.eclipse.emf.ecore - 2.11.2.v20160208-0816
2016-03-31 14:58:45,720 - org.eclipse.emf.ecore.change - 2.11.0.v20160208-0816
2016-03-31 14:58:45,721 - org.eclipse.emf.ecore.xmi - 2.11.1.v20160208-0816
2016-03-31 14:58:45,728 - org.eclipse.jgit - 4.1.1.201511131810-r
2016-03-31 14:58:45,731 - org.eclipse.jgit.archive - 4.1.1.201511131810-r
2016-03-31 14:58:45,751 - com.jcraft.jsch - 0.1.53.v201508180515
2016-03-31 14:58:45,754 - javaewah - 0.7.9.v201401101600
2016-03-31 14:58:45,754 - org.apache.commons.compress - 1.6.0.v201310281400
2016-03-31 14:58:45,755 - org.slf4j.api - 1.7.2.v20121108-1250
2016-03-31 14:58:45,756 - org.slf4j.impl.log4j12 - 1.7.2.v20131105-2200
2016-03-31 14:58:45,760 - org.apache.log4j - 1.2.15.v201012070815
2016-03-31 14:58:45,765 - org.eclipse.mylyn.wikitext.core - 2.7.0.v20151015-1452
2016-03-31 14:58:45,767 - org.eclipse.mylyn.wikitext.core.ant - 2.7.0.v20151009-1723
2016-03-31 14:58:45,769 - org.eclipse.mylyn.wikitext.core.osgi - 2.7.0.v20151009-1723
2016-03-31 14:58:45,771 - org.eclipse.mylyn.wikitext.textile.core - 2.7.0.v20151009-1723
2016-03-31 14:58:45,776 - org.eclipse.mylyn.wikitext.html.core - 2.7.0.v20151015-1452
2016-03-31 14:58:45,780 - org.eclipse.mylyn.wikitext.markdown.core - 2.7.0.v20151009-1723
2016-03-31 14:58:45,782 - org.eclipse.mylyn.wikitext.mediawiki.core - 2.7.0.v20151009-1723
2016-03-31 14:58:45,784 - org.eclipse.mylyn.wikitext.confluence.core - 2.7.0.v20151009-1723
2016-03-31 14:58:45,787 - org.eclipse.mylyn.wikitext.tracwiki.core - 2.7.0.v20151009-1723
2016-03-31 14:58:45,789 - org.eclipse.mylyn.wikitext.twiki.core - 2.7.0.v20151009-1723
2016-03-31 14:58:45,794 - org.eclipse.mylyn.wikitext.ui - 2.7.0.v20151009-1723
2016-03-31 14:58:45,797 - org.eclipse.mylyn.wikitext.help.ui - 2.7.0.v20151009-1723
2016-03-31 14:58:45,799 - org.eclipse.mylyn.wikitext.textile.ui - 2.7.0.v20151009-1723
2016-03-31 14:58:45,801 - org.eclipse.mylyn.wikitext.markdown.ui - 2.7.0.v20151009-1723
2016-03-31 14:58:45,803 - org.eclipse.mylyn.wikitext.mediawiki.ui - 2.7.0.v20151009-1723
2016-03-31 14:58:45,806 - org.eclipse.mylyn.wikitext.confluence.ui - 2.7.0.v20151009-1723
2016-03-31 14:58:45,809 - org.eclipse.mylyn.wikitext.tracwiki.ui - 2.7.0.v20151009-1723
2016-03-31 14:58:45,813 - org.eclipse.mylyn.wikitext.twiki.ui - 2.7.0.v20151009-1723
2016-03-31 14:58:45,817 - org.eclipse.mylyn.wikitext.tasks.ui - 2.7.0.v20151009-1723
2016-03-31 14:58:45,819 - org.eclipse.mylyn.wikitext.context.ui - 2.7.0.v20151009-1723
2016-03-31 14:58:45,824 - org.eclipse.emf.mapping.ecore.editor - 2.6.0.v20160208-0841
2016-03-31 14:58:45,826 - org.eclipse.emf.mapping.ecore2ecore.editor - 2.7.0.v20160208-0841
2016-03-31 14:58:45,827 - org.eclipse.emf.mapping.ecore2xml.ui - 2.8.0.v20160208-0841
2016-03-31 14:58:45,830 - org.eclipse.recommenders.mylyn.rcp - 2.3.0.v20160216-1255
2016-03-31 14:58:45,870 - org.apache.ant - 1.9.6.v201510161327
2016-03-31 14:58:45,872 - org.eclipse.ant.core - 3.4.0.v20150428-1928
2016-03-31 14:58:45,872 - com.jcraft.jsch - 0.1.53.v201508180515
2016-03-31 14:58:45,873 - org.eclipse.compare.core - 3.5.500.v20150505-1058
2016-03-31 14:58:45,876 - org.eclipse.compare - 3.5.600.v20150420-1449
2016-03-31 14:58:45,877 - org.eclipse.core.filebuffers - 3.5.500.v20140723-1040
2016-03-31 14:58:45,878 - org.eclipse.core.filesystem - 1.5.0.v20150725-1910
2016-03-31 14:58:45,878 - org.eclipse.core.net - 1.2.300.v20141118-1725
2016-03-31 14:58:45,879 - org.eclipse.core.resources - 3.10.1.v20150725-1910
2016-03-31 14:58:45,880 - org.eclipse.core.runtime.compatibility - 3.2.300.v20150423-0821
2016-03-31 14:58:45,881 - org.eclipse.core.runtime.compatibility.registry - 3.6.0.v20150318-1505
2016-03-31 14:58:45,882 - org.eclipse.osgi.util - 3.3.100.v20150423-1351
2016-03-31 14:58:45,884 - org.eclipse.debug.core - 3.10.0.v20150303-1130
2016-03-31 14:58:45,886 - org.eclipse.debug.ui - 3.11.101.v20160203-1230
2016-03-31 14:58:45,886 - org.eclipse.equinox.event - 1.3.100.v20140115-1647
2016-03-31 14:58:45,888 - org.eclipse.ltk.core.refactoring - 3.6.201.v20150819-1034
2016-03-31 14:58:45,890 - org.eclipse.ltk.ui.refactoring - 3.7.200.v20140625-1835
2016-03-31 14:58:45,890 - org.eclipse.platform - 4.5.2.v20160212-1500
2016-03-31 14:58:45,893 - org.eclipse.platform.doc.user - 4.5.1.v20150819-1130
2016-03-31 14:58:45,894 - org.eclipse.search - 3.10.0.v20150318-0856
2016-03-31 14:58:45,895 - org.eclipse.team.core - 3.7.100.v20150203-1452
2016-03-31 14:58:45,926 - org.eclipse.team.ui - 3.7.200.v20150203-1452
2016-03-31 14:58:45,926 - org.eclipse.text - 3.5.400.v20150505-1044
2016-03-31 14:58:45,927 - org.eclipse.jface.text - 3.10.0.v20150603-1752
2016-03-31 14:58:45,932 - org.eclipse.jsch.core - 1.2.0.v20141202-1415
2016-03-31 14:58:45,935 - org.eclipse.jsch.ui - 1.2.0.v20141202-1415
2016-03-31 14:58:45,936 - org.eclipse.ui.console - 3.6.100.v20150822-1912
2016-03-31 14:58:45,938 - org.eclipse.ui.intro - 3.4.300.v20141007-1449
2016-03-31 14:58:45,938 - org.eclipse.ui.intro.universal - 3.2.800.v20150325-0952
2016-03-31 14:58:45,940 - org.eclipse.ui.cheatsheets - 3.4.200.v20131227-1524
2016-03-31 14:58:45,942 - org.eclipse.ui.browser - 3.4.300.v20150429-0602
2016-03-31 14:58:45,943 - org.eclipse.ui.monitoring - 1.0.0.v20150512-1436
2016-03-31 14:58:45,948 - org.eclipse.ui.navigator - 3.6.0.v20150422-0725
2016-03-31 14:58:45,949 - org.eclipse.ui.navigator.resources - 3.5.1.v20160128-1644
2016-03-31 14:58:45,950 - org.eclipse.ui.net - 1.2.200.v20120807-0927
2016-03-31 14:58:45,951 - org.eclipse.ui.workbench.texteditor - 3.9.100.v20141023-1946
2016-03-31 14:58:45,953 - org.eclipse.ui.views - 3.8.0.v20150422-0725
2016-03-31 14:58:45,955 - org.eclipse.ui.editors - 3.9.0.v20150213-1939
2016-03-31 14:58:45,956 - org.eclipse.ui.externaltools - 3.3.0.v20150302-1002
2016-03-31 14:58:45,958 - org.eclipse.ui.ide - 3.11.0.v20150825-2158
2016-03-31 14:58:45,959 - org.eclipse.ui.ide.application - 1.1.0.v20150422-0725
2016-03-31 14:58:45,959 - org.eclipse.core.filesystem.macosx - 1.3.0.v20140124-1940
2016-03-31 14:58:45,961 - org.eclipse.core.variables - 3.2.800.v20130819-1716
2016-03-31 14:58:45,962 - org.eclipse.ui.forms - 3.6.200.v20150506-2029
2016-03-31 14:58:45,967 - org.eclipse.ui.views.properties.tabbed - 3.6.100.v20150423-0822
2016-03-31 14:58:45,967 - org.eclipse.equinox.security - 1.2.100.v20150423-1356
2016-03-31 14:58:45,972 - org.eclipse.equinox.security.ui - 1.1.201.v20150803-1228
2016-03-31 14:58:45,972 - org.eclipse.equinox.security.macosx - 1.100.200.v20130327-1442
2016-03-31 14:58:45,974 - org.eclipse.core.externaltools - 1.0.300.v20140219-0051
2016-03-31 14:58:45,974 - org.eclipse.ui.themes - 1.1.1.v20151026-1355
2016-03-31 14:58:45,974 - org.eclipse.core.filesystem.java7 - 1.0.100.v20150423-0754
2016-03-31 14:58:45,979 - org.eclipse.mylyn.discovery.core - 3.18.0.v20151009-1724
2016-03-31 14:58:45,981 - org.eclipse.mylyn.discovery.ui - 3.18.0.v20151009-1724
2016-03-31 14:58:45,985 - org.eclipse.emf.ecore.edit - 2.9.0.v20160208-0841
2016-03-31 14:58:45,986 - org.eclipse.emf.ecore.change.edit - 2.6.0.v20160208-0841
2016-03-31 14:58:45,990 - org.eclipse.sequoyah.vnc.protocol - 2.1.0.N20120718-0509
2016-03-31 14:58:45,993 - org.eclipse.emf.mapping.ecore - 2.6.0.v20160208-0841
2016-03-31 14:58:45,995 - org.eclipse.emf.mapping.ecore2ecore - 2.9.0.v20160208-0841
2016-03-31 14:58:45,997 - org.eclipse.emf.mapping.ecore2xml - 2.9.0.v20160208-0841
2016-03-31 14:58:46,002 - org.eclipse.mylyn.versions.core - 1.10.0.v20151125-0025
2016-03-31 14:58:46,004 - org.eclipse.mylyn.versions.ui - 1.10.0.v20151009-2340
2016-03-31 14:58:46,007 - org.eclipse.andmore.traceview - 0.5.0.201603231340
2016-03-31 14:58:46,011 - org.eclipse.sequoyah.localization.android - 2.1.0.N20120718-0509
2016-03-31 14:58:46,013 - org.eclipse.sequoyah.localization.android.help - 2.1.1.N20120718-0509
2016-03-31 14:58:46,018 - org.eclipse.m2e.logback.configuration - 1.6.2.20150902-0002
2016-03-31 14:58:46,019 - org.eclipse.m2e.logback.appender - 1.6.2.20150902-0002
2016-03-31 14:58:46,021 - org.eclipse.emf.codegen - 2.11.0.v20160208-0841
2016-03-31 14:58:46,031 - org.eclipse.wst.dtd.ui - 1.0.801.v201308100602
2016-03-31 14:58:46,032 - org.eclipse.wst.dtd.ui.infopop - 1.0.400.v201309112106
2016-03-31 14:58:46,033 - org.eclipse.wst.sse.ui.infopop - 1.0.300.v201309112106
2016-03-31 14:58:46,034 - org.eclipse.wst.xml.ui.infopop - 1.0.400.v201309112106
2016-03-31 14:58:46,035 - org.eclipse.wst.sse.ui - 1.3.401.v201510130005
2016-03-31 14:58:46,036 - org.eclipse.wst.xml.ui - 1.1.501.v201501212057
2016-03-31 14:58:46,038 - org.eclipse.wst.xsd.ui - 1.2.510.v201511240257
2016-03-31 14:58:46,041 - org.eclipse.datatools.doc.user - 1.7.0.20090521092446
2016-03-31 14:58:46,042 - org.eclipse.datatools.oda.cshelp - 1.1.2.v201309200751
2016-03-31 14:58:46,042 - org.eclipse.datatools.help - 1.5.0.v200906020553
2016-03-31 14:58:46,045 - org.eclipse.emf - 2.6.0.v20160208-0841
2016-03-31 14:58:46,047 - org.eclipse.wb.layout.group - 1.8.0.r45x201506110824
2016-03-31 14:58:46,050 - org.eclipse.mylyn.tasks.bugs - 3.18.0.v20151009-2340
2016-03-31 14:58:46,051 - org.eclipse.mylyn.help.ui - 3.18.0.v20151009-2340
2016-03-31 14:58:46,053 - org.eclipse.draw2d - 3.10.1.201508170204
2016-03-31 14:58:46,055 - org.eclipse.emf.edit - 2.11.1.v20160208-0841
2016-03-31 14:58:46,058 - org.eclipse.mylyn.commons.core - 3.18.0.v20151019-2227
2016-03-31 14:58:46,060 - org.eclipse.mylyn.commons.screenshots - 3.18.0.v20151009-1724
2016-03-31 14:58:46,061 - org.eclipse.mylyn.commons.ui - 3.18.0.v20151116-1930
2016-03-31 14:58:46,061 - org.eclipse.mylyn.commons.workbench - 3.18.0.v20151102-1813
2016-03-31 14:58:46,067 - org.eclipse.mylyn.bugzilla.ide - 3.18.0.v20151013-1847
2016-03-31 14:58:46,069 - org.eclipse.mylyn.ide.ui - 3.18.0.v20151013-1847
2016-03-31 14:58:46,075 - org.eclipse.emf.databinding.edit - 1.3.0.v20160208-0841
2016-03-31 14:58:46,078 - org.eclipse.emf.codegen.ecore - 2.11.1.v20160208-0841
2016-03-31 14:58:46,079 - org.eclipse.emf.ant - 2.8.0.v20160208-0841
2016-03-31 14:58:46,098 - org.eclipse.m2e.archetype.common - 1.6.2.20150902-0001
2016-03-31 14:58:46,104 - org.eclipse.m2e.maven.indexer - 1.6.2.20150902-0001
2016-03-31 14:58:46,106 - org.eclipse.m2e.model.edit - 1.6.2.20150902-0002
2016-03-31 14:58:46,106 - org.eclipse.m2e.core - 1.6.2.20150902-0002
2016-03-31 14:58:46,107 - org.eclipse.m2e.launching - 1.6.2.20150902-0002
2016-03-31 14:58:46,108 - org.eclipse.m2e.workspace.cli - 0.3.1
2016-03-31 14:58:46,111 - org.eclipse.m2e.jdt - 1.6.2.20150902-0002
2016-03-31 14:58:46,117 - org.eclipse.m2e.editor - 1.6.2.20150902-0002
2016-03-31 14:58:46,120 - org.eclipse.m2e.editor.xml - 1.6.2.20150902-0002
2016-03-31 14:58:46,201 - org.eclipse.m2e.maven.runtime - 1.6.2.20150902-0001
2016-03-31 14:58:46,206 - org.eclipse.m2e.maven.runtime.slf4j.simple - 1.6.2.20150902-0001
2016-03-31 14:58:46,207 - org.eclipse.m2e.refactoring - 1.6.2.20150902-0002
2016-03-31 14:58:46,208 - org.eclipse.m2e.lifecyclemapping.defaults - 1.6.2.20150902-0002
2016-03-31 14:58:46,209 - org.eclipse.m2e.discovery - 1.6.2.20150902-0002
2016-03-31 14:58:46,211 - org.eclipse.m2e.core.ui - 1.6.2.20150902-0002
2016-03-31 14:58:46,213 - org.eclipse.m2e.scm - 1.6.2.20150902-0002
2016-03-31 14:58:46,219 - org.eclipse.m2e.jdt.ui - 1.6.2.20150902-0002
2016-03-31 14:58:46,221 - org.eclipse.m2e.profiles.core - 1.6.2.20150902-0002
2016-03-31 14:58:46,224 - org.eclipse.m2e.profiles.ui - 1.6.2.20150902-0002
2016-03-31 14:58:46,228 - org.eclipse.andmore.ndk - 0.5.0.201603231340
2016-03-31 14:58:46,231 - org.eclipse.andmore.gldebugger - 0.5.0.201603231340
2016-03-31 14:58:46,239 - org.eclipse.mylyn.hudson.core - 1.10.0.v20151013-2221
2016-03-31 14:58:46,242 - org.eclipse.mylyn.hudson.ui - 1.10.0.v20151013-2221
2016-03-31 14:58:46,248 - org.eclipse.epp.mpc.core - 1.4.2.v20160210-1948
2016-03-31 14:58:46,248 - org.eclipse.epp.mpc.ui - 1.4.2.v20160210-2005
2016-03-31 14:58:46,249 - org.eclipse.epp.mpc.help.ui - 1.4.2.v20160120-1701
2016-03-31 14:58:46,250 - org.apache.httpcomponents.httpclient - 4.3.6.v201411290715
2016-03-31 14:58:46,250 - org.apache.httpcomponents.httpcore - 4.3.3.v201411290715
2016-03-31 14:58:46,256 - org.eclipse.datatools.connectivity.oda.consumer - 3.2.6.v201403131814
2016-03-31 14:58:46,261 - org.eclipse.datatools.connectivity.oda.design - 3.3.6.v201403131814
2016-03-31 14:58:46,262 - org.eclipse.datatools.connectivity.oda.profile - 3.2.9.v201403131814
2016-03-31 14:58:46,262 - org.eclipse.datatools.connectivity.oda - 3.4.3.v201405301249
2016-03-31 14:58:46,262 - org.eclipse.datatools.connectivity - 1.2.11.v201401230755
2016-03-31 14:58:46,266 - org.eclipse.mylyn.git.core - 1.10.0.v20151009-2340
2016-03-31 14:58:46,267 - org.eclipse.mylyn.git.ui - 1.10.0.v20151009-2340
2016-03-31 14:58:46,270 - org.eclipse.andmore.android.certmanager - 0.5.0.201603231340
2016-03-31 14:58:46,272 - org.eclipse.epp.package.java - 4.5.2.20160218-0600
2016-03-31 14:58:46,276 - org.eclipse.recommenders.snipmatch - 2.3.0.v20160216-1255
2016-03-31 14:58:46,276 - org.eclipse.recommenders.snipmatch.rcp - 2.3.0.v20160216-1255
2016-03-31 14:58:46,280 - org.eclipse.cdt.gdb - 7.0.0.201602051005
2016-03-31 14:58:46,282 - org.eclipse.cdt.gdb.ui - 7.0.0.201602051005
2016-03-31 14:58:46,286 - org.eclipse.pde - 3.11.2.v20160212-1500
2016-03-31 14:58:46,288 - org.eclipse.pde.build - 3.9.100.v20150521-1524
2016-03-31 14:58:46,290 - org.eclipse.pde.core - 3.10.102.v20160128-0556
2016-03-31 14:58:46,292 - org.eclipse.pde.junit.runtime - 3.4.500.v20150423-1241
2016-03-31 14:58:46,294 - org.eclipse.pde.runtime - 3.4.500.v20150423-1241
2016-03-31 14:58:46,295 - org.eclipse.pde.ui - 3.8.202.v20160128-0556
2016-03-31 14:58:46,300 - org.eclipse.pde.doc.user - 3.11.2.v20160203-1325
2016-03-31 14:58:46,302 - org.eclipse.pde.ui.templates - 3.5.0.v20150818-1511
2016-03-31 14:58:46,303 - org.eclipse.ui.views.log - 1.0.600.v20150513-1840
2016-03-31 14:58:46,303 - org.objectweb.asm - 5.0.1.v201404251740
2016-03-31 14:58:46,305 - org.objectweb.asm.tree - 5.0.1.v201404251740
2016-03-31 14:58:46,308 - org.eclipse.pde.api.tools - 1.0.701.v20150831-1041
2016-03-31 14:58:46,309 - org.eclipse.pde.api.tools.annotations - 1.0.0.v20140602-1527
2016-03-31 14:58:46,310 - org.eclipse.pde.api.tools.ui - 1.0.600.v20150831-0659
2016-03-31 14:58:46,312 - org.eclipse.pde.ds.core - 1.0.400.v20150423-1241
2016-03-31 14:58:46,318 - org.eclipse.pde.ds.ui - 1.0.400.v20150506-1709
2016-03-31 14:58:46,318 - org.eclipse.pde.launching - 3.6.301.v20160128-0556
2016-03-31 14:58:46,320 - org.eclipse.pde.ua.core - 1.0.400.v20150220-1252
2016-03-31 14:58:46,326 - org.eclipse.pde.ua.ui - 1.0.400.v20150513-1136
2016-03-31 14:58:46,326 - org.eclipse.ui.trace - 1.0.300.v20150220-1252
2016-03-31 14:58:46,330 - org.eclipse.sequoyah.localization.tools - 2.1.0.N20120718-0509
2016-03-31 14:58:46,337 - org.eclipse.sequoyah.localization.editor - 2.1.0.N20120718-0509
2016-03-31 14:58:46,345 - net.sourceforge.lpg.lpgjavaruntime - 1.1.0.v201004271650
2016-03-31 14:58:46,346 - org.eclipse.datatools.sqltools.parsers.sql.lexer - 1.0.1.v201107221520
2016-03-31 14:58:46,348 - org.eclipse.datatools.sqltools.parsers.sql.query - 1.2.1.v201201250511
2016-03-31 14:58:46,350 - org.eclipse.datatools.sqltools.parsers.sql.xml.query - 1.0.0.v201107221520
2016-03-31 14:58:46,350 - org.eclipse.datatools.sqltools.parsers.sql - 1.0.2.v201107221520
2016-03-31 14:58:46,355 - org.eclipse.mylyn.java.ui - 3.18.0.v20151013-1847
2016-03-31 14:58:46,357 - org.eclipse.mylyn.java.tasks - 3.18.0.v20151013-1847
2016-03-31 14:58:46,357 - org.eclipse.mylyn.ide.ui - 3.18.0.v20151013-1847
2016-03-31 14:58:46,359 - org.eclipse.mylyn.ide.ant - 3.18.0.v20151013-1847
2016-03-31 14:58:46,361 - org.eclipse.mylyn.debug.ui - 3.18.0.v20151013-1847
2016-03-31 14:58:46,364 - org.eclipse.mylyn.team.ui - 3.18.0.v20151120-2228
2016-03-31 14:58:46,367 - org.eclipse.datatools.sqltools.sql - 1.0.1.v201110050515
2016-03-31 14:58:46,367 - org.eclipse.datatools.sqltools.common.ui - 1.0.1.v201212120623
2016-03-31 14:58:46,367 - org.eclipse.datatools.sqltools.plan - 1.0.0.v201107221520
2016-03-31 14:58:46,367 - org.eclipse.datatools.sqltools.editor.core - 1.0.3.v201212120623
2016-03-31 14:58:46,367 - org.eclipse.datatools.sqltools.sqleditor - 1.0.4.v201212120623
2016-03-31 14:58:46,367 - org.eclipse.datatools.sqltools.ddlgen.ui - 1.0.3.v201211200616
2016-03-31 14:58:46,370 - org.eclipse.datatools.connectivity.db.generic - 1.0.1.v201107221459
2016-03-31 14:58:46,370 - org.eclipse.datatools.sqltools.editor.core.ui - 1.0.0.v201001150815
2016-03-31 14:58:46,370 - org.eclipse.datatools.sqltools.sql.ui - 1.0.1.v201201270735
2016-03-31 14:58:46,373 - org.eclipse.emf.common.ui - 2.10.1.v20160208-0841
2016-03-31 14:58:46,376 - org.eclipse.mylyn.commons.repositories.core - 1.10.0.v20151009-1724
2016-03-31 14:58:46,377 - org.eclipse.mylyn.commons.repositories.ui - 1.10.0.v20151116-1930
2016-03-31 14:58:46,379 - org.eclipse.sequoyah.device.common.utilities - 2.1.0.N20120718-0509
2016-03-31 14:58:46,382 - org.eclipse.andmore.android.common - 0.5.0.201603231340
2016-03-31 14:58:46,383 - org.eclipse.andmore.android.codeutils - 0.5.0.201603231340
2016-03-31 14:58:46,385 - org.eclipse.andmore.android.translation - 0.5.0.201603231340
2016-03-31 14:58:46,386 - org.eclipse.andmore.android.codesnippets - 0.5.0.201603231340
2016-03-31 14:58:46,388 - org.eclipse.andmore.android.db.core - 0.5.0.201603231340
2016-03-31 14:58:46,388 - org.eclipse.andmore.android.logger - 0.5.0.201603231340
2016-03-31 14:58:46,390 - org.eclipse.andmore.android - 0.5.0.201603231340
2016-03-31 14:58:46,391 - org.eclipse.andmore.android.emulator - 0.5.0.201603231340
2016-03-31 14:58:46,395 - org.eclipse.andmore.android.launch - 0.5.0.201603231340
2016-03-31 14:58:46,396 - org.eclipse.andmore.android.packaging.ui - 0.5.0.201603231340
2016-03-31 14:58:46,397 - org.eclipse.andmore.android.handset - 0.5.0.201603231340
2016-03-31 14:58:46,397 - org.eclipse.andmore.android.remote - 0.5.0.201603231340
2016-03-31 14:58:46,397 - org.eclipse.andmore.android.macosx - 0.5.0.201603231340
2016-03-31 14:58:46,398 - org.eclipse.andmore.android.mat - 0.5.0.201603231340
2016-03-31 14:58:46,399 - org.eclipse.andmore.android.devices.services - 0.5.0.201603231340
2016-03-31 14:58:46,400 - org.eclipse.andmore.android.db.devices - 0.5.0.201603231340
2016-03-31 14:58:46,405 - org.eclipse.andmore.android.installer - 0.5.0.201603231340
2016-03-31 14:58:46,408 - org.eclipse.andmore.android.logger.collector - 0.5.0.201603231340
2016-03-31 14:58:46,416 - org.eclipse.emf.mapping.ui - 2.7.0.v20160208-0841
2016-03-31 14:58:46,420 - org.eclipse.mylyn.monitor.core - 3.18.0.v20151009-1724
2016-03-31 14:58:46,421 - org.eclipse.mylyn.monitor.ui - 3.18.0.v20151009-1724
2016-03-31 14:58:46,431 - org.eclipse.datatools.connectivity.oda.template.ui - 3.2.5.v201403131814
2016-03-31 14:58:46,435 - org.eclipse.sequoyah.vnc.vncviewer - 2.1.0.N20120718-0509
2016-03-31 14:58:46,438 - org.eclipse.emf.codegen.ecore.ui - 2.11.1.v20160208-0841
2016-03-31 14:58:46,446 - org.eclipse.emf.ecore.editor - 2.11.0.v20160208-0841
2016-03-31 14:58:46,450 - org.eclipse.wb.core.ui - 1.8.0.r45x201506110822
2016-03-31 14:58:46,454 - org.eclipse.mylyn.builds.core - 1.10.0.v20151013-2221
2016-03-31 14:58:46,455 - org.eclipse.mylyn.builds.ui - 1.10.0.v20151211-2137
2016-03-31 14:58:46,461 - org.eclipse.mylyn.context.core - 3.18.0.v20151013-1847
2016-03-31 14:58:46,463 - org.eclipse.mylyn.context.ui - 3.18.0.v20151014-2324
2016-03-31 14:58:46,464 - org.eclipse.mylyn.resources.ui - 3.18.0.v20151013-1847
2016-03-31 14:58:46,465 - org.eclipse.mylyn.context.tasks.ui - 3.18.0.v20151013-1847
2016-03-31 14:58:46,468 - org.eclipse.emf.databinding - 1.3.0.v20160208-0841
2016-03-31 14:58:46,472 - org.eclipse.wb.swing - 1.8.0.r45x201506110826
2016-03-31 14:58:46,477 - org.eclipse.wb.swing.FormLayout.lib - 1.8.0.r45x201506110826
2016-03-31 14:58:46,480 - org.eclipse.wb.swing.FormLayout - 1.8.0.r45x201506110826
2016-03-31 14:58:46,485 - org.eclipse.wb.swing.MigLayout.lib - 1.8.0.r45x201506110826
2016-03-31 14:58:46,487 - org.eclipse.wb.swing.MigLayout - 1.8.0.r45x201506110826
2016-03-31 14:58:46,493 - org.eclipse.wb.swing.databinding - 1.8.0.r45x201506110826
2016-03-31 14:58:46,496 - org.eclipse.wb.swing.jsr296 - 1.8.0.r45x201506110826
2016-03-31 14:58:46,499 - org.eclipse.wb.swing.java6 - 1.8.0.r45x201506110826
2016-03-31 14:58:46,504 - org.eclipse.datatools.connectivity.sqm.core.ui - 1.2.3.v201212070447
2016-03-31 14:58:46,505 - org.eclipse.datatools.connectivity.sqm.core - 1.2.8.v201401230755
2016-03-31 14:58:46,507 - org.eclipse.datatools.connectivity.sqm.server.ui - 1.1.101.v201212070447
2016-03-31 14:58:46,507 - org.eclipse.datatools.connectivity.ui.dse - 1.1.5.v201212070447
2016-03-31 14:58:46,507 - org.eclipse.datatools.connectivity.ui - 1.2.4.v201212070447
2016-03-31 14:58:46,507 - org.eclipse.datatools.connectivity - 1.2.11.v201401230755
2016-03-31 14:58:46,507 - org.eclipse.datatools.help - 1.5.0.v200906020553
2016-03-31 14:58:46,509 - org.eclipse.datatools.connectivity.console.profile - 1.0.10.v201109250955
2016-03-31 14:58:46,513 - org.eclipse.oomph.setup - 1.3.0.v20160213-0953
2016-03-31 14:58:46,515 - org.eclipse.oomph.setup.edit - 1.3.0.v20160213-0953
2016-03-31 14:58:46,515 - org.eclipse.oomph.setup.core - 1.3.0.v20160213-0953
2016-03-31 14:58:46,516 - org.eclipse.oomph.setup.sync - 1.3.0.v20160213-0953
2016-03-31 14:58:46,516 - org.eclipse.oomph.setup.p2 - 1.3.0.v20160213-0953
2016-03-31 14:58:46,517 - org.eclipse.oomph.setup.p2.edit - 1.3.0.v20160213-0953
2016-03-31 14:58:46,517 - org.eclipse.oomph.preferences - 1.3.0.v20160213-0953
2016-03-31 14:58:46,518 - org.eclipse.oomph.jreinfo - 1.3.0.v20160213-0953
2016-03-31 14:58:46,520 - org.eclipse.oomph.extractor.lib - 1.1.0.v20160213-0953
2016-03-31 14:58:46,520 - org.apache.commons.logging - 1.1.1.v201101211721
2016-03-31 14:58:46,520 - org.apache.commons.codec - 1.6.0.v201305230611
2016-03-31 14:58:46,520 - org.apache.httpcomponents.httpclient - 4.3.6.v201411290715
2016-03-31 14:58:46,520 - org.apache.httpcomponents.httpcore - 4.3.3.v201411290715
2016-03-31 14:58:46,521 - org.eclipse.userstorage - 1.0.0.v20151212-0935
2016-03-31 14:58:46,522 - org.eclipse.userstorage.ui - 1.0.0.v20151216-0912
2016-03-31 15:05:10,414 - os.name - Mac OS X
2016-03-31 15:05:10,415 - os.arch - x86_64
2016-03-31 15:05:10,415 - os.version - 10.10.2
2016-03-31 15:05:10,415 - java.version - 1.8.0_77
2016-03-31 15:05:10,415 - java.vendor - Oracle Corporation
2016-03-31 15:05:10,415 - java.vendor.url - http://java.oracle.com/
2016-03-31 15:05:10,415 - java.home - /Library/Java/JavaVirtualMachines/jdk1.8.0_77.jdk/Contents/Home/jre
2016-03-31 15:05:10,415 - java.vm.specification.name - Java Virtual Machine Specification
2016-03-31 15:05:10,415 - java.vm.specification.vendor - Oracle Corporation
2016-03-31 15:05:10,415 - java.vm.specification.version - 1.8
2016-03-31 15:05:10,415 - java.class.path - /Applications/Development/EclipseAndroid.app/Contents/MacOS//../Eclipse/plugins/org.eclipse.equinox.launcher_1.3.100.v20150511-1540.jar
2016-03-31 15:05:10,415 - java.library.path - /Users/ari/Library/Java/Extensions:/Library/Java/Extensions:/Network/Library/Java/Extensions:/System/Library/Java/Extensions:/usr/lib/java:.
2016-03-31 15:05:10,415 - --------------------------------------
2016-03-31 15:05:10,415 - ## Eclipse Plug-ins Log Information ##
2016-03-31 15:05:10,415 - --------------------------------------
2016-03-31 15:05:10,429 - javax.el - 2.2.0.v201303151357
2016-03-31 15:05:10,432 - javax.servlet - 3.1.0.v201410161800
2016-03-31 15:05:10,434 - javax.servlet.jsp - 2.2.0.v201112011158
2016-03-31 15:05:10,435 - com.sun.el - 2.2.0.v201303151357
2016-03-31 15:05:10,436 - org.apache.commons.logging - 1.1.1.v201101211721
2016-03-31 15:05:10,438 - org.apache.jasper.glassfish - 2.2.2.v201501141630
2016-03-31 15:05:10,449 - org.apache.lucene.analysis - 3.5.0.v20120725-1805
2016-03-31 15:05:10,451 - org.apache.lucene.core - 3.5.0.v20120725-1805
2016-03-31 15:05:10,452 - org.eclipse.equinox.http.jetty - 3.1.2.v20160115-1350
2016-03-31 15:05:10,453 - org.eclipse.equinox.http.registry - 1.1.300.v20130402-1529
2016-03-31 15:05:10,455 - org.eclipse.equinox.http.servlet - 1.2.2.v20160202-2102
2016-03-31 15:05:10,457 - org.eclipse.equinox.jsp.jasper - 1.0.500.v20150119-1358
2016-03-31 15:05:10,458 - org.eclipse.equinox.jsp.jasper.registry - 1.0.300.v20130327-1442
2016-03-31 15:05:10,458 - org.eclipse.help.base - 4.0.301.v20160212-1500
2016-03-31 15:05:10,460 - org.eclipse.help.ui - 4.0.100.v20140401-0608
2016-03-31 15:05:10,462 - org.eclipse.help.webapp - 3.7.0.v20150425-0643
2016-03-31 15:05:10,463 - org.eclipse.jetty.continuation - 9.2.13.v20150730
2016-03-31 15:05:10,465 - org.eclipse.jetty.http - 9.2.13.v20150730
2016-03-31 15:05:10,466 - org.eclipse.jetty.io - 9.2.13.v20150730
2016-03-31 15:05:10,468 - org.eclipse.jetty.security - 9.2.13.v20150730
2016-03-31 15:05:10,470 - org.eclipse.jetty.server - 9.2.13.v20150730
2016-03-31 15:05:10,472 - org.eclipse.jetty.servlet - 9.2.13.v20150730
2016-03-31 15:05:10,477 - org.eclipse.jetty.util - 9.2.13.v20150730
2016-03-31 15:05:10,478 - org.eclipse.core.net - 1.2.300.v20141118-1725
2016-03-31 15:05:10,480 - org.eclipse.equinox.security - 1.2.100.v20150423-1356
2016-03-31 15:05:10,486 - org.eclipse.wb.os - 1.8.0.r45x201506110820
2016-03-31 15:05:10,487 - org.eclipse.wb.runtime - 1.8.0.r45x201506110820
2016-03-31 15:05:10,491 - org.eclipse.wb.runtime.lib - 1.8.0.r45x201506110820
2016-03-31 15:05:10,491 - org.eclipse.wb.core - 1.8.0.r45x201506110820
2016-03-31 15:05:10,492 - org.eclipse.wb.core.lib - 1.8.0.r45x201506110820
2016-03-31 15:05:10,494 - org.eclipse.wb.os.macosx - 1.8.0.r45x201506110820
2016-03-31 15:05:10,498 - org.eclipse.andmore.hierarchyviewer - 0.5.0.201603231340
2016-03-31 15:05:10,503 - org.eclipse.mylyn.bugzilla.core - 3.18.0.v20151009-2340
2016-03-31 15:05:10,506 - org.eclipse.mylyn.bugzilla.ui - 3.18.0.v20151009-2340
2016-03-31 15:05:10,520 - org.eclipse.sequoyah.device.backward - 2.1.0.N20120718-0509
2016-03-31 15:05:10,521 - org.eclipse.sequoyah.device.framework - 2.1.0.N20120718-0509
2016-03-31 15:05:10,525 - org.eclipse.sequoyah.device.framework.ui - 2.1.0.N20120718-0509
2016-03-31 15:05:10,527 - org.eclipse.sequoyah.device.service.start - 2.1.0.N20120718-0509
2016-03-31 15:05:10,529 - org.eclipse.sequoyah.device.service.stop - 2.1.0.N20120718-0509
2016-03-31 15:05:10,533 - org.eclipse.sequoyah.device.framework.wizard - 2.1.0.N20120718-0509
2016-03-31 15:05:10,545 - org.eclipse.buildship.core - 1.0.8.v20160201-1803
2016-03-31 15:05:10,546 - org.eclipse.buildship.ui - 1.0.8.v20160201-1803
2016-03-31 15:05:10,546 - org.eclipse.buildship.branding - 1.0.8.v20160201-1803
2016-03-31 15:05:10,644 - org.eclipse.egit.core - 4.1.1.201511131810-r
2016-03-31 15:05:10,649 - org.eclipse.egit.ui - 4.1.1.201511131810-r
2016-03-31 15:05:10,649 - org.eclipse.egit - 4.1.1.201511131810-r
2016-03-31 15:05:10,656 - org.eclipse.egit.doc - 4.1.1.201511131810-r
2016-03-31 15:05:10,660 - org.eclipse.mylyn.tasks.core - 3.18.0.v20151202-0115
2016-03-31 15:05:10,661 - org.eclipse.mylyn.tasks.index.core - 3.18.0.v20151012-1647
2016-03-31 15:05:10,661 - org.eclipse.mylyn.tasks.index.ui - 3.18.0.v20151009-2340
2016-03-31 15:05:10,708 - org.eclipse.mylyn.tasks.search - 3.18.0.v20151009-2340
2016-03-31 15:05:10,724 - org.eclipse.mylyn.tasks.ui - 3.18.0.v20151211-2235
2016-03-31 15:05:10,729 - org.eclipse.aether.maven - 3.1.0.v20140706-2237
2016-03-31 15:05:10,734 - org.eclipse.gef - 3.10.1.201508170204
2016-03-31 15:05:10,739 - org.eclipse.mylyn.commons.identity.core - 1.10.0.v20151009-1724
2016-03-31 15:05:10,743 - org.eclipse.oomph.p2 - 1.3.0.v20160213-0953
2016-03-31 15:05:10,744 - org.eclipse.oomph.p2.core - 1.3.0.v20160213-0953
2016-03-31 15:05:10,746 - org.eclipse.oomph.p2.edit - 1.3.0.v20160213-0953
2016-03-31 15:05:10,748 - org.eclipse.oomph.p2.ui - 1.3.0.v20160213-0953
2016-03-31 15:05:10,750 - org.eclipse.oomph.p2.doc - 1.3.0.v20160213-0953
2016-03-31 15:05:10,756 - org.eclipse.emf.codegen.ui - 2.6.0.v20160208-0841
2016-03-31 15:05:10,839 - org.eclipse.datatools.enablement.sqlite - 1.0.0.v201002041100
2016-03-31 15:05:10,900 - org.eclipse.datatools.enablement.sqlite.dbdefinition - 1.0.2.v201206010441
2016-03-31 15:05:10,901 - org.eclipse.datatools.enablement.sqlite.ui - 1.0.0.v201107221507
2016-03-31 15:05:10,902 - org.eclipse.datatools.enablement.finfo - 1.5.1.v200906161800
2016-03-31 15:05:10,909 - org.eclipse.mylyn.commons.notifications.core - 1.10.0.v20151009-1724
2016-03-31 15:05:10,909 - org.eclipse.mylyn.commons.notifications.feed - 1.10.0.v20151009-1724
2016-03-31 15:05:10,910 - org.eclipse.mylyn.commons.notifications.ui - 1.10.0.v20151102-1814
2016-03-31 15:05:10,914 - org.eclipse.emf.converter - 2.7.0.v20160208-0841
2016-03-31 15:05:10,917 - org.eclipse.emf.importer - 2.9.0.v20160208-0841
2016-03-31 15:05:10,918 - org.eclipse.emf.exporter - 2.7.0.v20160208-0841
2016-03-31 15:05:10,920 - org.eclipse.emf.importer.ecore - 2.8.0.v20160208-0841
2016-03-31 15:05:10,922 - org.eclipse.emf.importer.java - 2.7.0.v20160208-0841
2016-03-31 15:05:10,924 - org.eclipse.emf.importer.rose - 2.8.0.v20160208-0841
2016-03-31 15:05:10,936 - org.eclipse.emf.edit.ui - 2.11.1.v20160208-0841
2016-03-31 15:05:10,941 - org.eclipse.help - 3.6.0.v20130326-1254
2016-03-31 15:05:10,945 - org.eclipse.ui - 3.107.0.v20150507-1945
2016-03-31 15:05:10,947 - org.eclipse.ui.workbench - 3.107.1.v20160120-2131
2016-03-31 15:05:10,948 - org.eclipse.update.configurator - 3.3.300.v20140518-1928
2016-03-31 15:05:10,949 - org.eclipse.rcp - 4.5.2.v20160212-1500
2016-03-31 15:05:10,950 - org.eclipse.ui.cocoa - 1.1.100.v20150315-1253
2016-03-31 15:05:10,955 - org.eclipse.recommenders.rcp - 2.3.0.v20160216-1255
2016-03-31 15:05:10,959 - org.eclipse.recommenders.apidocs - 2.3.0.v20160216-1255
2016-03-31 15:05:10,960 - org.eclipse.recommenders.apidocs.rcp - 2.3.0.v20160216-1255
2016-03-31 15:05:10,962 - org.eclipse.recommenders.calls - 2.3.0.v20160216-1255
2016-03-31 15:05:10,965 - org.eclipse.recommenders.calls.rcp - 2.3.0.v20160216-1255
2016-03-31 15:05:10,966 - org.eclipse.recommenders.chain.rcp - 2.3.0.v20160216-1255
2016-03-31 15:05:10,969 - org.eclipse.recommenders.completion.rcp - 2.3.0.v20160216-1255
2016-03-31 15:05:10,971 - org.eclipse.recommenders.constructors - 2.3.0.v20160216-1255
2016-03-31 15:05:11,075 - org.eclipse.recommenders.constructors.rcp - 2.3.0.v20160216-1255
2016-03-31 15:05:11,124 - org.eclipse.recommenders.coordinates - 2.3.0.v20160216-1255
2016-03-31 15:05:11,127 - org.eclipse.recommenders.coordinates.rcp - 2.3.0.v20160216-1255
2016-03-31 15:05:11,129 - org.eclipse.recommenders.injection - 2.3.0.v20160216-1255
2016-03-31 15:05:11,132 - org.eclipse.recommenders.jayes - 2.3.0.v20160216-1255
2016-03-31 15:05:11,140 - org.eclipse.recommenders.jayes.io - 2.3.0.v20160216-1255
2016-03-31 15:05:11,141 - org.eclipse.recommenders.jdt - 2.3.0.v20160216-1255
2016-03-31 15:05:11,144 - org.eclipse.recommenders.models - 2.3.0.v20160216-1255
2016-03-31 15:05:11,145 - org.eclipse.recommenders.models.rcp - 2.3.0.v20160216-1255
2016-03-31 15:05:11,149 - org.eclipse.recommenders.net - 2.3.0.v20160216-1255
2016-03-31 15:05:11,150 - org.eclipse.recommenders.overrides - 2.3.0.v20160216-1255
2016-03-31 15:05:11,153 - org.eclipse.recommenders.overrides.rcp - 2.3.0.v20160216-1255
2016-03-31 15:05:11,154 - org.eclipse.recommenders.subwords.rcp - 2.3.0.v20160216-1255
2016-03-31 15:05:11,159 - org.eclipse.recommenders.types.rcp - 2.3.0.v20160216-1255
2016-03-31 15:05:11,161 - org.eclipse.recommenders.utils - 2.3.0.v20160216-1255
2016-03-31 15:05:11,164 - org.eclipse.recommenders.utils.rcp - 2.3.0.v20160216-1255
2016-03-31 15:05:11,168 - org.eclipse.mylyn.commons.repositories.http.core - 1.10.0.v20151009-1724
2016-03-31 15:05:11,174 - org.eclipse.datatools.connectivity.oda.design.ui - 3.2.9.v201403131814
2016-03-31 15:05:11,175 - org.eclipse.datatools.connectivity.ui.dse - 1.1.5.v201212070447
2016-03-31 15:05:11,177 - org.eclipse.datatools.connectivity.ui - 1.2.4.v201212070447
2016-03-31 15:05:11,180 - org.eclipse.datatools.connectivity.sqm.core - 1.2.8.v201401230755
2016-03-31 15:05:11,184 - org.eclipse.datatools.help - 1.5.0.v200906020553
2016-03-31 15:05:11,188 - org.eclipse.jdt - 3.11.2.v20160212-1500
2016-03-31 15:05:11,190 - org.eclipse.ant.ui - 3.6.101.v20160203-1242
2016-03-31 15:05:11,191 - org.eclipse.jdt.apt.core - 3.4.0.v20150518-1201
2016-03-31 15:05:11,193 - org.eclipse.jdt.apt.ui - 3.4.0.v20150423-0947
2016-03-31 15:05:11,194 - org.eclipse.jdt.apt.pluggable.core - 1.1.0.v20150423-0947
2016-03-31 15:05:11,194 - org.eclipse.jdt.compiler.apt - 1.2.0.v20150514-0146
2016-03-31 15:05:11,195 - org.eclipse.jdt.compiler.tool - 1.1.0.v20150513-2007
2016-03-31 15:05:11,196 - org.eclipse.jdt.core - 3.11.2.v20160128-0629
2016-03-31 15:05:11,197 - org.eclipse.jdt.annotation - 2.0.100.v20150311-1658
2016-03-31 15:05:11,197 - org.eclipse.jdt.annotation - 2.0.100.v20150311-1658
2016-03-31 15:05:11,198 - org.eclipse.jdt.core.manipulation - 1.5.100.v20141002-1241
2016-03-31 15:05:11,201 - org.eclipse.jdt.debug.ui - 3.7.101.v20160203-1236
2016-03-31 15:05:11,209 - org.eclipse.jdt.debug - 3.9.1.v20160128-1343
2016-03-31 15:05:11,211 - org.eclipse.jdt.junit - 3.8.0.v20150428-1340
2016-03-31 15:05:11,214 - org.eclipse.jdt.junit.core - 3.7.400.v20150423-0747
2016-03-31 15:05:11,216 - org.eclipse.jdt.junit.runtime - 3.4.500.v20140527-1138
2016-03-31 15:05:11,218 - org.eclipse.jdt.junit4.runtime - 1.1.500.v20150423-0747
2016-03-31 15:05:11,220 - org.eclipse.jdt.launching - 3.8.0.v20150527-0946
2016-03-31 15:05:11,225 - org.eclipse.jdt.ui - 3.11.2.v20151123-1510
2016-03-31 15:05:11,229 - org.junit - 4.12.0.v201504281640
2016-03-31 15:05:11,231 - org.hamcrest.core - 1.3.0.v201303031735
2016-03-31 15:05:11,234 - org.eclipse.jdt.doc.user - 3.11.1.v20150819-1130
2016-03-31 15:05:11,235 - org.eclipse.jdt.launching.macosx - 3.3.0.v20150313-0517
2016-03-31 15:05:11,237 - org.eclipse.jdt.launching.ui.macosx - 1.1.0.v20150313-0517
2016-03-31 15:05:11,239 - org.eclipse.ant.launching - 1.1.101.v20160203-1242
2016-03-31 15:05:11,243 - org.eclipse.emf.common - 2.11.1.v20160208-0816
2016-03-31 15:05:11,248 - org.eclipse.sequoyah.vnc.vncviewer.vncviews - 2.1.0.N20120718-0509
2016-03-31 15:05:11,256 - org.eclipse.egit.mylyn.ui - 4.1.1.201511131810-r
2016-03-31 15:05:11,387 - org.eclipse.datatools.sqltools.common.ui - 1.0.1.v201212120623
2016-03-31 15:05:11,390 - org.eclipse.datatools.sqltools.debugger.core - 1.0.1.v201107221520
2016-03-31 15:05:11,392 - org.eclipse.datatools.sqltools.editor.core - 1.0.3.v201212120623
2016-03-31 15:05:11,393 - org.eclipse.datatools.sqltools.plan - 1.0.0.v201107221520
2016-03-31 15:05:11,395 - org.eclipse.datatools.sqltools.routineeditor - 1.0.0.v201107221520
2016-03-31 15:05:11,397 - org.eclipse.datatools.sqltools.sql - 1.0.1.v201110050515
2016-03-31 15:05:11,399 - org.eclipse.datatools.sqltools.sqleditor - 1.0.4.v201212120623
2016-03-31 15:05:11,400 - org.eclipse.datatools.sqltools.sqlscrapbook - 1.0.2.v201205310922
2016-03-31 15:05:11,401 - org.eclipse.datatools.help - 1.5.0.v200906020553
2016-03-31 15:05:11,402 - org.eclipse.datatools.sqltools.db.generic - 1.0.0.v201107221520
2016-03-31 15:05:11,403 - org.eclipse.datatools.sqltools.debugger.core.ui - 1.0.0.v201003161000
2016-03-31 15:05:11,405 - org.eclipse.datatools.sqltools.editor.core.ui - 1.0.0.v201001150815
2016-03-31 15:05:11,406 - org.eclipse.datatools.sqltools.result.ui - 1.1.3.v201302061703
2016-03-31 15:05:11,410 - org.eclipse.datatools.sqltools.routineeditor.ui - 1.0.3.v201211200616
2016-03-31 15:05:11,412 - org.eclipse.datatools.sqltools.sql.ui - 1.0.1.v201201270735
2016-03-31 15:05:11,487 - com.android.ide.eclipse.base - 23.0.7.2120684
2016-03-31 15:05:11,488 - com.android.ide.eclipse.ddms - 23.0.7.2120684
2016-03-31 15:05:11,492 - org.objectweb.asm - 5.0.1.v201404251740
2016-03-31 15:05:11,492 - org.eclipse.andmore - 0.5.0.201603231340
2016-03-31 15:05:11,492 - org.eclipse.andmore.base - 0.5.0.201603231340
2016-03-31 15:05:11,493 - org.eclipse.andmore.ddms - 0.5.0.201603231340
2016-03-31 15:05:11,495 - org.eclipse.andmore.overlay - 0.5.0.201603231340
2016-03-31 15:05:11,499 - org.apache.commons.codec - 1.6.0.v201305230611
2016-03-31 15:05:11,502 - org.apache.commons.compress - 1.6.0.v201310281400
2016-03-31 15:05:11,503 - org.apache.httpcomponents.httpclient - 4.3.6.v201411290715
2016-03-31 15:05:11,504 - org.apache.httpcomponents.httpcore - 4.3.3.v201411290715
2016-03-31 15:05:11,508 - org.eclipse.emf.mapping - 2.9.0.v20160208-0841
2016-03-31 15:05:11,515 - org.eclipse.datatools.modelbase.dbdefinition - 1.0.2.v201107221519
2016-03-31 15:05:11,520 - org.eclipse.datatools.modelbase.sql.edit - 1.0.2.v201208230744
2016-03-31 15:05:11,526 - org.eclipse.datatools.modelbase.sql.query - 1.1.4.v201212120619
2016-03-31 15:05:11,531 - org.eclipse.datatools.modelbase.sql.query.edit - 1.0.1.v201110151245
2016-03-31 15:05:11,538 - org.eclipse.datatools.modelbase.sql.xml.query - 1.0.2.v201201131123
2016-03-31 15:05:11,538 - org.eclipse.datatools.modelbase.sql - 1.0.6.v201208230744
2016-03-31 15:05:11,544 - org.eclipse.oomph.setup.editor - 1.3.0.v20160213-0953
2016-03-31 15:05:11,545 - org.eclipse.oomph.setup.ui - 1.3.0.v20160213-0953
2016-03-31 15:05:11,551 - org.eclipse.oomph.setup.doc - 1.3.0.v20160213-0953
2016-03-31 15:05:11,554 - org.eclipse.oomph.setup.ui.questionnaire - 1.3.0.v20160213-0953
2016-03-31 15:05:11,555 - org.eclipse.oomph.jreinfo.ui - 1.3.0.v20160213-0953
2016-03-31 15:05:11,562 - org.eclipse.emf.ecore - 2.11.2.v20160208-0816
2016-03-31 15:05:11,564 - org.eclipse.emf.ecore.change - 2.11.0.v20160208-0816
2016-03-31 15:05:11,564 - org.eclipse.emf.ecore.xmi - 2.11.1.v20160208-0816
2016-03-31 15:05:11,567 - org.eclipse.jgit - 4.1.1.201511131810-r
2016-03-31 15:05:11,572 - org.eclipse.jgit.archive - 4.1.1.201511131810-r
2016-03-31 15:05:11,580 - com.jcraft.jsch - 0.1.53.v201508180515
2016-03-31 15:05:11,585 - javaewah - 0.7.9.v201401101600
2016-03-31 15:05:11,585 - org.apache.commons.compress - 1.6.0.v201310281400
2016-03-31 15:05:11,586 - org.slf4j.api - 1.7.2.v20121108-1250
2016-03-31 15:05:11,587 - org.slf4j.impl.log4j12 - 1.7.2.v20131105-2200
2016-03-31 15:05:11,589 - org.apache.log4j - 1.2.15.v201012070815
2016-03-31 15:05:11,594 - org.eclipse.mylyn.wikitext.core - 2.7.0.v20151015-1452
2016-03-31 15:05:11,597 - org.eclipse.mylyn.wikitext.core.ant - 2.7.0.v20151009-1723
2016-03-31 15:05:11,598 - org.eclipse.mylyn.wikitext.core.osgi - 2.7.0.v20151009-1723
2016-03-31 15:05:11,600 - org.eclipse.mylyn.wikitext.textile.core - 2.7.0.v20151009-1723
2016-03-31 15:05:11,602 - org.eclipse.mylyn.wikitext.html.core - 2.7.0.v20151015-1452
2016-03-31 15:05:11,605 - org.eclipse.mylyn.wikitext.markdown.core - 2.7.0.v20151009-1723
2016-03-31 15:05:11,607 - org.eclipse.mylyn.wikitext.mediawiki.core - 2.7.0.v20151009-1723
2016-03-31 15:05:11,615 - org.eclipse.mylyn.wikitext.confluence.core - 2.7.0.v20151009-1723
2016-03-31 15:05:11,617 - org.eclipse.mylyn.wikitext.tracwiki.core - 2.7.0.v20151009-1723
2016-03-31 15:05:11,619 - org.eclipse.mylyn.wikitext.twiki.core - 2.7.0.v20151009-1723
2016-03-31 15:05:11,622 - org.eclipse.mylyn.wikitext.ui - 2.7.0.v20151009-1723
2016-03-31 15:05:11,624 - org.eclipse.mylyn.wikitext.help.ui - 2.7.0.v20151009-1723
2016-03-31 15:05:11,628 - org.eclipse.mylyn.wikitext.textile.ui - 2.7.0.v20151009-1723
2016-03-31 15:05:11,633 - org.eclipse.mylyn.wikitext.markdown.ui - 2.7.0.v20151009-1723
2016-03-31 15:05:11,635 - org.eclipse.mylyn.wikitext.mediawiki.ui - 2.7.0.v20151009-1723
2016-03-31 15:05:11,638 - org.eclipse.mylyn.wikitext.confluence.ui - 2.7.0.v20151009-1723
2016-03-31 15:05:11,639 - org.eclipse.mylyn.wikitext.tracwiki.ui - 2.7.0.v20151009-1723
2016-03-31 15:05:11,641 - org.eclipse.mylyn.wikitext.twiki.ui - 2.7.0.v20151009-1723
2016-03-31 15:05:11,642 - org.eclipse.mylyn.wikitext.tasks.ui - 2.7.0.v20151009-1723
2016-03-31 15:05:11,643 - org.eclipse.mylyn.wikitext.context.ui - 2.7.0.v20151009-1723
2016-03-31 15:05:11,648 - org.eclipse.emf.mapping.ecore.editor - 2.6.0.v20160208-0841
2016-03-31 15:05:11,651 - org.eclipse.emf.mapping.ecore2ecore.editor - 2.7.0.v20160208-0841
2016-03-31 15:05:11,654 - org.eclipse.emf.mapping.ecore2xml.ui - 2.8.0.v20160208-0841
2016-03-31 15:05:11,657 - org.eclipse.recommenders.mylyn.rcp - 2.3.0.v20160216-1255
2016-03-31 15:05:11,701 - org.apache.ant - 1.9.6.v201510161327
2016-03-31 15:05:11,703 - org.eclipse.ant.core - 3.4.0.v20150428-1928
2016-03-31 15:05:11,704 - com.jcraft.jsch - 0.1.53.v201508180515
2016-03-31 15:05:11,705 - org.eclipse.compare.core - 3.5.500.v20150505-1058
2016-03-31 15:05:11,707 - org.eclipse.compare - 3.5.600.v20150420-1449
2016-03-31 15:05:11,708 - org.eclipse.core.filebuffers - 3.5.500.v20140723-1040
2016-03-31 15:05:11,715 - org.eclipse.core.filesystem - 1.5.0.v20150725-1910
2016-03-31 15:05:11,716 - org.eclipse.core.net - 1.2.300.v20141118-1725
2016-03-31 15:05:11,718 - org.eclipse.core.resources - 3.10.1.v20150725-1910
2016-03-31 15:05:11,719 - org.eclipse.core.runtime.compatibility - 3.2.300.v20150423-0821
2016-03-31 15:05:11,722 - org.eclipse.core.runtime.compatibility.registry - 3.6.0.v20150318-1505
2016-03-31 15:05:11,724 - org.eclipse.osgi.util - 3.3.100.v20150423-1351
2016-03-31 15:05:11,726 - org.eclipse.debug.core - 3.10.0.v20150303-1130
2016-03-31 15:05:11,730 - org.eclipse.debug.ui - 3.11.101.v20160203-1230
2016-03-31 15:05:11,741 - org.eclipse.equinox.event - 1.3.100.v20140115-1647
2016-03-31 15:05:11,743 - org.eclipse.ltk.core.refactoring - 3.6.201.v20150819-1034
2016-03-31 15:05:11,744 - org.eclipse.ltk.ui.refactoring - 3.7.200.v20140625-1835
2016-03-31 15:05:11,744 - org.eclipse.platform - 4.5.2.v20160212-1500
2016-03-31 15:05:11,749 - org.eclipse.platform.doc.user - 4.5.1.v20150819-1130
2016-03-31 15:05:11,794 - org.eclipse.search - 3.10.0.v20150318-0856
2016-03-31 15:05:11,807 - org.eclipse.team.core - 3.7.100.v20150203-1452
2016-03-31 15:05:11,811 - org.eclipse.team.ui - 3.7.200.v20150203-1452
2016-03-31 15:05:11,816 - org.eclipse.text - 3.5.400.v20150505-1044
2016-03-31 15:05:11,823 - org.eclipse.jface.text - 3.10.0.v20150603-1752
2016-03-31 15:05:11,823 - org.eclipse.jsch.core - 1.2.0.v20141202-1415
2016-03-31 15:05:11,826 - org.eclipse.jsch.ui - 1.2.0.v20141202-1415
2016-03-31 15:05:11,828 - org.eclipse.ui.console - 3.6.100.v20150822-1912
2016-03-31 15:05:11,835 - org.eclipse.ui.intro - 3.4.300.v20141007-1449
2016-03-31 15:05:11,839 - org.eclipse.ui.intro.universal - 3.2.800.v20150325-0952
2016-03-31 15:05:11,842 - org.eclipse.ui.cheatsheets - 3.4.200.v20131227-1524
2016-03-31 15:05:11,844 - org.eclipse.ui.browser - 3.4.300.v20150429-0602
2016-03-31 15:05:11,845 - org.eclipse.ui.monitoring - 1.0.0.v20150512-1436
2016-03-31 15:05:11,850 - org.eclipse.ui.navigator - 3.6.0.v20150422-0725
2016-03-31 15:05:11,852 - org.eclipse.ui.navigator.resources - 3.5.1.v20160128-1644
2016-03-31 15:05:11,853 - org.eclipse.ui.net - 1.2.200.v20120807-0927
2016-03-31 15:05:11,856 - org.eclipse.ui.workbench.texteditor - 3.9.100.v20141023-1946
2016-03-31 15:05:11,857 - org.eclipse.ui.views - 3.8.0.v20150422-0725
2016-03-31 15:05:11,860 - org.eclipse.ui.editors - 3.9.0.v20150213-1939
2016-03-31 15:05:11,862 - org.eclipse.ui.externaltools - 3.3.0.v20150302-1002
2016-03-31 15:05:11,865 - org.eclipse.ui.ide - 3.11.0.v20150825-2158
2016-03-31 15:05:11,866 - org.eclipse.ui.ide.application - 1.1.0.v20150422-0725
2016-03-31 15:05:11,866 - org.eclipse.core.filesystem.macosx - 1.3.0.v20140124-1940
2016-03-31 15:05:11,868 - org.eclipse.core.variables - 3.2.800.v20130819-1716
2016-03-31 15:05:11,895 - org.eclipse.ui.forms - 3.6.200.v20150506-2029
2016-03-31 15:05:11,900 - org.eclipse.ui.views.properties.tabbed - 3.6.100.v20150423-0822
2016-03-31 15:05:11,900 - org.eclipse.equinox.security - 1.2.100.v20150423-1356
2016-03-31 15:05:11,907 - org.eclipse.equinox.security.ui - 1.1.201.v20150803-1228
2016-03-31 15:05:11,907 - org.eclipse.equinox.security.macosx - 1.100.200.v20130327-1442
2016-03-31 15:05:11,909 - org.eclipse.core.externaltools - 1.0.300.v20140219-0051
2016-03-31 15:05:11,910 - org.eclipse.ui.themes - 1.1.1.v20151026-1355
2016-03-31 15:05:11,910 - org.eclipse.core.filesystem.java7 - 1.0.100.v20150423-0754
2016-03-31 15:05:11,917 - org.eclipse.mylyn.discovery.core - 3.18.0.v20151009-1724
2016-03-31 15:05:11,932 - org.eclipse.mylyn.discovery.ui - 3.18.0.v20151009-1724
2016-03-31 15:05:11,937 - org.eclipse.emf.ecore.edit - 2.9.0.v20160208-0841
2016-03-31 15:05:11,939 - org.eclipse.emf.ecore.change.edit - 2.6.0.v20160208-0841
2016-03-31 15:05:11,948 - org.eclipse.sequoyah.vnc.protocol - 2.1.0.N20120718-0509
2016-03-31 15:05:11,952 - org.eclipse.emf.mapping.ecore - 2.6.0.v20160208-0841
2016-03-31 15:05:11,953 - org.eclipse.emf.mapping.ecore2ecore - 2.9.0.v20160208-0841
2016-03-31 15:05:11,959 - org.eclipse.emf.mapping.ecore2xml - 2.9.0.v20160208-0841
2016-03-31 15:05:11,965 - org.eclipse.mylyn.versions.core - 1.10.0.v20151125-0025
2016-03-31 15:05:11,969 - org.eclipse.mylyn.versions.ui - 1.10.0.v20151009-2340
2016-03-31 15:05:11,973 - org.eclipse.andmore.traceview - 0.5.0.201603231340
2016-03-31 15:05:11,976 - org.eclipse.sequoyah.localization.android - 2.1.0.N20120718-0509
2016-03-31 15:05:11,978 - org.eclipse.sequoyah.localization.android.help - 2.1.1.N20120718-0509
2016-03-31 15:05:11,992 - org.eclipse.m2e.logback.configuration - 1.6.2.20150902-0002
2016-03-31 15:05:11,995 - org.eclipse.m2e.logback.appender - 1.6.2.20150902-0002
2016-03-31 15:05:12,000 - org.eclipse.emf.codegen - 2.11.0.v20160208-0841
2016-03-31 15:05:12,006 - org.eclipse.wst.dtd.ui - 1.0.801.v201308100602
2016-03-31 15:05:12,007 - org.eclipse.wst.dtd.ui.infopop - 1.0.400.v201309112106
2016-03-31 15:05:12,009 - org.eclipse.wst.sse.ui.infopop - 1.0.300.v201309112106
2016-03-31 15:05:12,015 - org.eclipse.wst.xml.ui.infopop - 1.0.400.v201309112106
2016-03-31 15:05:12,018 - org.eclipse.wst.sse.ui - 1.3.401.v201510130005
2016-03-31 15:05:12,018 - org.eclipse.wst.xml.ui - 1.1.501.v201501212057
2016-03-31 15:05:12,022 - org.eclipse.wst.xsd.ui - 1.2.510.v201511240257
2016-03-31 15:05:12,026 - org.eclipse.datatools.doc.user - 1.7.0.20090521092446
2016-03-31 15:05:12,027 - org.eclipse.datatools.oda.cshelp - 1.1.2.v201309200751
2016-03-31 15:05:12,027 - org.eclipse.datatools.help - 1.5.0.v200906020553
2016-03-31 15:05:12,034 - org.eclipse.emf - 2.6.0.v20160208-0841
2016-03-31 15:05:12,037 - org.eclipse.wb.layout.group - 1.8.0.r45x201506110824
2016-03-31 15:05:12,041 - org.eclipse.mylyn.tasks.bugs - 3.18.0.v20151009-2340
2016-03-31 15:05:12,043 - org.eclipse.mylyn.help.ui - 3.18.0.v20151009-2340
2016-03-31 15:05:12,046 - org.eclipse.draw2d - 3.10.1.201508170204
2016-03-31 15:05:12,050 - org.eclipse.emf.edit - 2.11.1.v20160208-0841
2016-03-31 15:05:12,054 - org.eclipse.mylyn.commons.core - 3.18.0.v20151019-2227
2016-03-31 15:05:12,057 - org.eclipse.mylyn.commons.screenshots - 3.18.0.v20151009-1724
2016-03-31 15:05:12,058 - org.eclipse.mylyn.commons.ui - 3.18.0.v20151116-1930
2016-03-31 15:05:12,058 - org.eclipse.mylyn.commons.workbench - 3.18.0.v20151102-1813
2016-03-31 15:05:12,063 - org.eclipse.mylyn.bugzilla.ide - 3.18.0.v20151013-1847
2016-03-31 15:05:12,064 - org.eclipse.mylyn.ide.ui - 3.18.0.v20151013-1847
2016-03-31 15:05:12,067 - org.eclipse.emf.databinding.edit - 1.3.0.v20160208-0841
2016-03-31 15:05:12,071 - org.eclipse.emf.codegen.ecore - 2.11.1.v20160208-0841
2016-03-31 15:05:12,073 - org.eclipse.emf.ant - 2.8.0.v20160208-0841
2016-03-31 15:05:12,110 - org.eclipse.m2e.archetype.common - 1.6.2.20150902-0001
2016-03-31 15:05:12,120 - org.eclipse.m2e.maven.indexer - 1.6.2.20150902-0001
2016-03-31 15:05:12,121 - org.eclipse.m2e.model.edit - 1.6.2.20150902-0002
2016-03-31 15:05:12,121 - org.eclipse.m2e.core - 1.6.2.20150902-0002
2016-03-31 15:05:12,125 - org.eclipse.m2e.launching - 1.6.2.20150902-0002
2016-03-31 15:05:12,126 - org.eclipse.m2e.workspace.cli - 0.3.1
2016-03-31 15:05:12,131 - org.eclipse.m2e.jdt - 1.6.2.20150902-0002
2016-03-31 15:05:12,133 - org.eclipse.m2e.editor - 1.6.2.20150902-0002
2016-03-31 15:05:12,136 - org.eclipse.m2e.editor.xml - 1.6.2.20150902-0002
2016-03-31 15:05:12,211 - org.eclipse.m2e.maven.runtime - 1.6.2.20150902-0001
2016-03-31 15:05:12,214 - org.eclipse.m2e.maven.runtime.slf4j.simple - 1.6.2.20150902-0001
2016-03-31 15:05:12,214 - org.eclipse.m2e.refactoring - 1.6.2.20150902-0002
2016-03-31 15:05:12,216 - org.eclipse.m2e.lifecyclemapping.defaults - 1.6.2.20150902-0002
2016-03-31 15:05:12,217 - org.eclipse.m2e.discovery - 1.6.2.20150902-0002
2016-03-31 15:05:12,220 - org.eclipse.m2e.core.ui - 1.6.2.20150902-0002
2016-03-31 15:05:12,222 - org.eclipse.m2e.scm - 1.6.2.20150902-0002
2016-03-31 15:05:12,222 - org.eclipse.m2e.jdt.ui - 1.6.2.20150902-0002
2016-03-31 15:05:12,224 - org.eclipse.m2e.profiles.core - 1.6.2.20150902-0002
2016-03-31 15:05:12,226 - org.eclipse.m2e.profiles.ui - 1.6.2.20150902-0002
2016-03-31 15:05:12,229 - org.eclipse.andmore.ndk - 0.5.0.201603231340
2016-03-31 15:05:12,232 - org.eclipse.andmore.gldebugger - 0.5.0.201603231340
2016-03-31 15:05:12,237 - org.eclipse.mylyn.hudson.core - 1.10.0.v20151013-2221
2016-03-31 15:05:12,240 - org.eclipse.mylyn.hudson.ui - 1.10.0.v20151013-2221
2016-03-31 15:05:12,246 - org.eclipse.epp.mpc.core - 1.4.2.v20160210-1948
2016-03-31 15:05:12,246 - org.eclipse.epp.mpc.ui - 1.4.2.v20160210-2005
2016-03-31 15:05:12,247 - org.eclipse.epp.mpc.help.ui - 1.4.2.v20160120-1701
2016-03-31 15:05:12,247 - org.apache.httpcomponents.httpclient - 4.3.6.v201411290715
2016-03-31 15:05:12,247 - org.apache.httpcomponents.httpcore - 4.3.3.v201411290715
2016-03-31 15:05:12,255 - org.eclipse.datatools.connectivity.oda.consumer - 3.2.6.v201403131814
2016-03-31 15:05:12,260 - org.eclipse.datatools.connectivity.oda.design - 3.3.6.v201403131814
2016-03-31 15:05:12,262 - org.eclipse.datatools.connectivity.oda.profile - 3.2.9.v201403131814
2016-03-31 15:05:12,262 - org.eclipse.datatools.connectivity.oda - 3.4.3.v201405301249
2016-03-31 15:05:12,262 - org.eclipse.datatools.connectivity - 1.2.11.v201401230755
2016-03-31 15:05:12,268 - org.eclipse.mylyn.git.core - 1.10.0.v20151009-2340
2016-03-31 15:05:12,271 - org.eclipse.mylyn.git.ui - 1.10.0.v20151009-2340
2016-03-31 15:05:12,277 - org.eclipse.andmore.android.certmanager - 0.5.0.201603231340
2016-03-31 15:05:12,279 - org.eclipse.epp.package.java - 4.5.2.20160218-0600
2016-03-31 15:05:12,287 - org.eclipse.recommenders.snipmatch - 2.3.0.v20160216-1255
2016-03-31 15:05:12,287 - org.eclipse.recommenders.snipmatch.rcp - 2.3.0.v20160216-1255
2016-03-31 15:05:12,294 - org.eclipse.cdt.gdb - 7.0.0.201602051005
2016-03-31 15:05:12,295 - org.eclipse.cdt.gdb.ui - 7.0.0.201602051005
2016-03-31 15:05:12,298 - org.eclipse.pde - 3.11.2.v20160212-1500
2016-03-31 15:05:12,302 - org.eclipse.pde.build - 3.9.100.v20150521-1524
2016-03-31 15:05:12,303 - org.eclipse.pde.core - 3.10.102.v20160128-0556
2016-03-31 15:05:12,305 - org.eclipse.pde.junit.runtime - 3.4.500.v20150423-1241
2016-03-31 15:05:12,306 - org.eclipse.pde.runtime - 3.4.500.v20150423-1241
2016-03-31 15:05:12,309 - org.eclipse.pde.ui - 3.8.202.v20160128-0556
2016-03-31 15:05:12,311 - org.eclipse.pde.doc.user - 3.11.2.v20160203-1325
2016-03-31 15:05:12,315 - org.eclipse.pde.ui.templates - 3.5.0.v20150818-1511
2016-03-31 15:05:12,319 - org.eclipse.ui.views.log - 1.0.600.v20150513-1840
2016-03-31 15:05:12,319 - org.objectweb.asm - 5.0.1.v201404251740
2016-03-31 15:05:12,323 - org.objectweb.asm.tree - 5.0.1.v201404251740
2016-03-31 15:05:12,327 - org.eclipse.pde.api.tools - 1.0.701.v20150831-1041
2016-03-31 15:05:12,329 - org.eclipse.pde.api.tools.annotations - 1.0.0.v20140602-1527
2016-03-31 15:05:12,331 - org.eclipse.pde.api.tools.ui - 1.0.600.v20150831-0659
2016-03-31 15:05:12,332 - org.eclipse.pde.ds.core - 1.0.400.v20150423-1241
2016-03-31 15:05:12,333 - org.eclipse.pde.ds.ui - 1.0.400.v20150506-1709
2016-03-31 15:05:12,334 - org.eclipse.pde.launching - 3.6.301.v20160128-0556
2016-03-31 15:05:12,336 - org.eclipse.pde.ua.core - 1.0.400.v20150220-1252
2016-03-31 15:05:12,339 - org.eclipse.pde.ua.ui - 1.0.400.v20150513-1136
2016-03-31 15:05:12,339 - org.eclipse.ui.trace - 1.0.300.v20150220-1252
2016-03-31 15:05:12,346 - org.eclipse.sequoyah.localization.tools - 2.1.0.N20120718-0509
2016-03-31 15:05:12,348 - org.eclipse.sequoyah.localization.editor - 2.1.0.N20120718-0509
2016-03-31 15:05:12,358 - net.sourceforge.lpg.lpgjavaruntime - 1.1.0.v201004271650
2016-03-31 15:05:12,359 - org.eclipse.datatools.sqltools.parsers.sql.lexer - 1.0.1.v201107221520
2016-03-31 15:05:12,362 - org.eclipse.datatools.sqltools.parsers.sql.query - 1.2.1.v201201250511
2016-03-31 15:05:12,364 - org.eclipse.datatools.sqltools.parsers.sql.xml.query - 1.0.0.v201107221520
2016-03-31 15:05:12,364 - org.eclipse.datatools.sqltools.parsers.sql - 1.0.2.v201107221520
2016-03-31 15:05:12,410 - org.eclipse.mylyn.java.ui - 3.18.0.v20151013-1847
2016-03-31 15:05:12,414 - org.eclipse.mylyn.java.tasks - 3.18.0.v20151013-1847
2016-03-31 15:05:12,414 - org.eclipse.mylyn.ide.ui - 3.18.0.v20151013-1847
2016-03-31 15:05:12,415 - org.eclipse.mylyn.ide.ant - 3.18.0.v20151013-1847
2016-03-31 15:05:12,419 - org.eclipse.mylyn.debug.ui - 3.18.0.v20151013-1847
2016-03-31 15:05:12,422 - org.eclipse.mylyn.team.ui - 3.18.0.v20151120-2228
2016-03-31 15:05:12,425 - org.eclipse.datatools.sqltools.sql - 1.0.1.v201110050515
2016-03-31 15:05:12,425 - org.eclipse.datatools.sqltools.common.ui - 1.0.1.v201212120623
2016-03-31 15:05:12,425 - org.eclipse.datatools.sqltools.plan - 1.0.0.v201107221520
2016-03-31 15:05:12,425 - org.eclipse.datatools.sqltools.editor.core - 1.0.3.v201212120623
2016-03-31 15:05:12,425 - org.eclipse.datatools.sqltools.sqleditor - 1.0.4.v201212120623
2016-03-31 15:05:12,425 - org.eclipse.datatools.sqltools.ddlgen.ui - 1.0.3.v201211200616
2016-03-31 15:05:12,427 - org.eclipse.datatools.connectivity.db.generic - 1.0.1.v201107221459
2016-03-31 15:05:12,427 - org.eclipse.datatools.sqltools.editor.core.ui - 1.0.0.v201001150815
2016-03-31 15:05:12,427 - org.eclipse.datatools.sqltools.sql.ui - 1.0.1.v201201270735
2016-03-31 15:05:12,429 - org.eclipse.emf.common.ui - 2.10.1.v20160208-0841
2016-03-31 15:05:12,433 - org.eclipse.mylyn.commons.repositories.core - 1.10.0.v20151009-1724
2016-03-31 15:05:12,433 - org.eclipse.mylyn.commons.repositories.ui - 1.10.0.v20151116-1930
2016-03-31 15:05:12,436 - org.eclipse.sequoyah.device.common.utilities - 2.1.0.N20120718-0509
2016-03-31 15:05:12,438 - org.eclipse.andmore.android.common - 0.5.0.201603231340
2016-03-31 15:05:12,439 - org.eclipse.andmore.android.codeutils - 0.5.0.201603231340
2016-03-31 15:05:12,441 - org.eclipse.andmore.android.translation - 0.5.0.201603231340
2016-03-31 15:05:12,442 - org.eclipse.andmore.android.codesnippets - 0.5.0.201603231340
2016-03-31 15:05:12,443 - org.eclipse.andmore.android.db.core - 0.5.0.201603231340
2016-03-31 15:05:12,443 - org.eclipse.andmore.android.logger - 0.5.0.201603231340
2016-03-31 15:05:12,446 - org.eclipse.andmore.android - 0.5.0.201603231340
2016-03-31 15:05:12,448 - org.eclipse.andmore.android.emulator - 0.5.0.201603231340
2016-03-31 15:05:12,452 - org.eclipse.andmore.android.launch - 0.5.0.201603231340
2016-03-31 15:05:12,453 - org.eclipse.andmore.android.packaging.ui - 0.5.0.201603231340
2016-03-31 15:05:12,454 - org.eclipse.andmore.android.handset - 0.5.0.201603231340
2016-03-31 15:05:12,455 - org.eclipse.andmore.android.remote - 0.5.0.201603231340
2016-03-31 15:05:12,455 - org.eclipse.andmore.android.macosx - 0.5.0.201603231340
2016-03-31 15:05:12,455 - org.eclipse.andmore.android.mat - 0.5.0.201603231340
2016-03-31 15:05:12,457 - org.eclipse.andmore.android.devices.services - 0.5.0.201603231340
2016-03-31 15:05:12,462 - org.eclipse.andmore.android.db.devices - 0.5.0.201603231340
2016-03-31 15:05:12,463 - org.eclipse.andmore.android.installer - 0.5.0.201603231340
2016-03-31 15:05:12,465 - org.eclipse.andmore.android.logger.collector - 0.5.0.201603231340
2016-03-31 15:05:12,468 - org.eclipse.emf.mapping.ui - 2.7.0.v20160208-0841
2016-03-31 15:05:12,472 - org.eclipse.mylyn.monitor.core - 3.18.0.v20151009-1724
2016-03-31 15:05:12,472 - org.eclipse.mylyn.monitor.ui - 3.18.0.v20151009-1724
2016-03-31 15:05:12,476 - org.eclipse.datatools.connectivity.oda.template.ui - 3.2.5.v201403131814
2016-03-31 15:05:12,479 - org.eclipse.sequoyah.vnc.vncviewer - 2.1.0.N20120718-0509
2016-03-31 15:05:12,482 - org.eclipse.emf.codegen.ecore.ui - 2.11.1.v20160208-0841
2016-03-31 15:05:12,484 - org.eclipse.emf.ecore.editor - 2.11.0.v20160208-0841
2016-03-31 15:05:12,487 - org.eclipse.wb.core.ui - 1.8.0.r45x201506110822
2016-03-31 15:05:12,490 - org.eclipse.mylyn.builds.core - 1.10.0.v20151013-2221
2016-03-31 15:05:12,492 - org.eclipse.mylyn.builds.ui - 1.10.0.v20151211-2137
2016-03-31 15:05:12,495 - org.eclipse.mylyn.context.core - 3.18.0.v20151013-1847
2016-03-31 15:05:12,496 - org.eclipse.mylyn.context.ui - 3.18.0.v20151014-2324
2016-03-31 15:05:12,498 - org.eclipse.mylyn.resources.ui - 3.18.0.v20151013-1847
2016-03-31 15:05:12,499 - org.eclipse.mylyn.context.tasks.ui - 3.18.0.v20151013-1847
2016-03-31 15:05:12,502 - org.eclipse.emf.databinding - 1.3.0.v20160208-0841
2016-03-31 15:05:12,507 - org.eclipse.wb.swing - 1.8.0.r45x201506110826
2016-03-31 15:05:12,512 - org.eclipse.wb.swing.FormLayout.lib - 1.8.0.r45x201506110826
2016-03-31 15:05:12,514 - org.eclipse.wb.swing.FormLayout - 1.8.0.r45x201506110826
2016-03-31 15:05:12,518 - org.eclipse.wb.swing.MigLayout.lib - 1.8.0.r45x201506110826
2016-03-31 15:05:12,520 - org.eclipse.wb.swing.MigLayout - 1.8.0.r45x201506110826
2016-03-31 15:05:12,523 - org.eclipse.wb.swing.databinding - 1.8.0.r45x201506110826
2016-03-31 15:05:12,524 - org.eclipse.wb.swing.jsr296 - 1.8.0.r45x201506110826
2016-03-31 15:05:12,527 - org.eclipse.wb.swing.java6 - 1.8.0.r45x201506110826
2016-03-31 15:05:12,531 - org.eclipse.datatools.connectivity.sqm.core.ui - 1.2.3.v201212070447
2016-03-31 15:05:12,531 - org.eclipse.datatools.connectivity.sqm.core - 1.2.8.v201401230755
2016-03-31 15:05:12,534 - org.eclipse.datatools.connectivity.sqm.server.ui - 1.1.101.v201212070447
2016-03-31 15:05:12,534 - org.eclipse.datatools.connectivity.ui.dse - 1.1.5.v201212070447
2016-03-31 15:05:12,534 - org.eclipse.datatools.connectivity.ui - 1.2.4.v201212070447
2016-03-31 15:05:12,534 - org.eclipse.datatools.connectivity - 1.2.11.v201401230755
2016-03-31 15:05:12,534 - org.eclipse.datatools.help - 1.5.0.v200906020553
2016-03-31 15:05:12,537 - org.eclipse.datatools.connectivity.console.profile - 1.0.10.v201109250955
2016-03-31 15:05:12,541 - org.eclipse.oomph.setup - 1.3.0.v20160213-0953
2016-03-31 15:05:12,543 - org.eclipse.oomph.setup.edit - 1.3.0.v20160213-0953
2016-03-31 15:05:12,543 - org.eclipse.oomph.setup.core - 1.3.0.v20160213-0953
2016-03-31 15:05:12,543 - org.eclipse.oomph.setup.sync - 1.3.0.v20160213-0953
2016-03-31 15:05:12,544 - org.eclipse.oomph.setup.p2 - 1.3.0.v20160213-0953
2016-03-31 15:05:12,544 - org.eclipse.oomph.setup.p2.edit - 1.3.0.v20160213-0953
2016-03-31 15:05:12,544 - org.eclipse.oomph.preferences - 1.3.0.v20160213-0953
2016-03-31 15:05:12,545 - org.eclipse.oomph.jreinfo - 1.3.0.v20160213-0953
2016-03-31 15:05:12,549 - org.eclipse.oomph.extractor.lib - 1.1.0.v20160213-0953
2016-03-31 15:05:12,549 - org.apache.commons.logging - 1.1.1.v201101211721
2016-03-31 15:05:12,549 - org.apache.commons.codec - 1.6.0.v201305230611
2016-03-31 15:05:12,549 - org.apache.httpcomponents.httpclient - 4.3.6.v201411290715
2016-03-31 15:05:12,549 - org.apache.httpcomponents.httpcore - 4.3.3.v201411290715
2016-03-31 15:05:12,549 - org.eclipse.userstorage - 1.0.0.v20151212-0935
2016-03-31 15:05:12,550 - org.eclipse.userstorage.ui - 1.0.0.v20151216-0912
